<?xml version="1.0" encoding="UTF-8"?>
<TestRun id="26b1a4ca-1a54-46fe-8718-faee58371d2a" name="Administrator@DOTNET 2019-03-28 05:59:59" runUser="DOTNET\Administrator" xmlns="http://microsoft.com/schemas/VisualStudio/TeamTest/2010">
  <TestSettings name="Local" id="7d1ee930-43af-4791-892a-ea1e2cac5109">
    <Description>These are default test settings for a local test run.</Description>
    <Deployment runDeploymentRoot="Administrator_DOTNET 2019-03-28 05_59_59">
      <DeploymentItem filename="C:\Users\Administrator\Desktop\sba-exercise\server\ProjectManagement\ProjectManagement.Tests\bin\Debug\System.Web.Http.dll" />
      <DeploymentItem filename="C:\Users\Administrator\Desktop\sba-exercise\server\ProjectManagement\ProjectManagement\bin\ProjectManagement.dll" />
      <DeploymentItem filename="C:\Users\Administrator\Desktop\sba-exercise\server\ProjectManagement\packages\EntityFramework.6.2.0\lib\net45\EntityFramework.dll" />
      <DeploymentItem filename="C:\Users\Administrator\Desktop\sba-exercise\server\ProjectManagement\packages\EntityFramework.6.2.0\lib\net45\EntityFramework.SqlServer.dll" />
    </Deployment>
    <Execution hostProcessPlatform="MSIL">
      <TestTypeSpecific />
      <AgentRule name="Execution Agents">
      </AgentRule>
    </Execution>
    <Properties />
  </TestSettings>
  <Times creation="2019-03-28T05:59:59.8950214-07:00" queuing="2019-03-28T06:00:02.5660240-07:00" start="2019-03-28T06:00:02.9050211-07:00" finish="2019-03-28T06:06:38.1046567-07:00" />
  <ResultSummary outcome="Completed">
    <Counters total="1" executed="1" passed="0" error="0" failed="0" timeout="0" aborted="0" inconclusive="0" passedButRunAborted="0" notRunnable="0" notExecuted="0" disconnected="0" warning="0" completed="1" inProgress="0" pending="0" />
  </ResultSummary>
  <TestDefinitions>
    <UnitTest name="TestInsertUser_Success" storage="c:\users\administrator\desktop\sba-exercise\server\projectmanagement\projectmanagement.tests\bin\debug\projectmanagement.tests.dll" id="e2556136-3103-b9b3-a13f-0cc19d8d4da9">
      <TestMethod codeBase="C:/Users/Administrator/Desktop/sba-exercise/server/ProjectManagement/ProjectManagement.Tests/bin/Debug/ProjectManagement.Tests.DLL" adapterTypeName="Microsoft.VisualStudio.TestTools.TestTypes.Unit.UnitTestAdapter, Microsoft.VisualStudio.QualityTools.Tips.UnitTest.Adapter, Version=15.0.0.0, Culture=neutral, PublicKeyToken=b03f5f7f11d50a3a" className="ProjectManagement.Test.UserControllerTest, ProjectManagement.Tests, Version=1.0.0.0, Culture=neutral, PublicKeyToken=null" name="TestInsertUser_Success" />
    </UnitTest>
    <UnitTest name="TestDeleteUser_InvalidProjectIdFormat" storage="c:\users\administrator\desktop\sba-exercise\server\projectmanagement\projectmanagement.tests\bin\debug\projectmanagement.tests.dll" id="73e56084-eb36-e7ff-b1a8-e9ed3dea2cf7">
      <TestMethod codeBase="C:/Users/Administrator/Desktop/sba-exercise/server/ProjectManagement/ProjectManagement.Tests/bin/Debug/ProjectManagement.Tests.DLL" adapterTypeName="Microsoft.VisualStudio.TestTools.TestTypes.Unit.UnitTestAdapter, Microsoft.VisualStudio.QualityTools.Tips.UnitTest.Adapter, Version=15.0.0.0, Culture=neutral, PublicKeyToken=b03f5f7f11d50a3a" className="ProjectManagement.Test.UserControllerTest, ProjectManagement.Tests, Version=1.0.0.0, Culture=neutral, PublicKeyToken=null" name="TestDeleteUser_InvalidProjectIdFormat" />
    </UnitTest>
    <UnitTest name="TestRetrieveParentTasks_Success" storage="c:\users\administrator\desktop\sba-exercise\server\projectmanagement\projectmanagement.tests\bin\debug\projectmanagement.tests.dll" id="ad1d3d07-01b1-6c0e-a17e-00efe1f6b062">
      <TestMethod codeBase="C:/Users/Administrator/Desktop/sba-exercise/server/ProjectManagement/ProjectManagement.Tests/bin/Debug/ProjectManagement.Tests.DLL" adapterTypeName="Microsoft.VisualStudio.TestTools.TestTypes.Unit.UnitTestAdapter, Microsoft.VisualStudio.QualityTools.Tips.UnitTest.Adapter, Version=15.0.0.0, Culture=neutral, PublicKeyToken=b03f5f7f11d50a3a" className="ProjectManagement.Test.TaskControllerTest, ProjectManagement.Tests, Version=1.0.0.0, Culture=neutral, PublicKeyToken=null" name="TestRetrieveParentTasks_Success" />
    </UnitTest>
    <UnitTest name="TestDeleteTask_NegativeTaskId" storage="c:\users\administrator\desktop\sba-exercise\server\projectmanagement\projectmanagement.tests\bin\debug\projectmanagement.tests.dll" id="d766aaac-ac21-3eaa-8722-de72584a8803">
      <TestMethod codeBase="C:/Users/Administrator/Desktop/sba-exercise/server/ProjectManagement/ProjectManagement.Tests/bin/Debug/ProjectManagement.Tests.DLL" adapterTypeName="Microsoft.VisualStudio.TestTools.TestTypes.Unit.UnitTestAdapter, Microsoft.VisualStudio.QualityTools.Tips.UnitTest.Adapter, Version=15.0.0.0, Culture=neutral, PublicKeyToken=b03f5f7f11d50a3a" className="ProjectManagement.Test.TaskControllerTest, ProjectManagement.Tests, Version=1.0.0.0, Culture=neutral, PublicKeyToken=null" name="TestDeleteTask_NegativeTaskId" />
    </UnitTest>
    <UnitTest name="TestDeleteProjects_Success" storage="c:\users\administrator\desktop\sba-exercise\server\projectmanagement\projectmanagement.tests\bin\debug\projectmanagement.tests.dll" id="26006798-996c-ca49-394d-e15c80aaf31b">
      <TestMethod codeBase="C:/Users/Administrator/Desktop/sba-exercise/server/ProjectManagement/ProjectManagement.Tests/bin/Debug/ProjectManagement.Tests.DLL" adapterTypeName="Microsoft.VisualStudio.TestTools.TestTypes.Unit.UnitTestAdapter, Microsoft.VisualStudio.QualityTools.Tips.UnitTest.Adapter, Version=15.0.0.0, Culture=neutral, PublicKeyToken=b03f5f7f11d50a3a" className="ProjectManagement.Test.ProjectControllerTest, ProjectManagement.Tests, Version=1.0.0.0, Culture=neutral, PublicKeyToken=null" name="TestDeleteProjects_Success" />
    </UnitTest>
    <UnitTest name="TestDeleteUser_Success" storage="c:\users\administrator\desktop\sba-exercise\server\projectmanagement\projectmanagement.tests\bin\debug\projectmanagement.tests.dll" id="cc024381-7ae7-1b32-42a5-a1145246956b">
      <TestMethod codeBase="C:/Users/Administrator/Desktop/sba-exercise/server/ProjectManagement/ProjectManagement.Tests/bin/Debug/ProjectManagement.Tests.DLL" adapterTypeName="Microsoft.VisualStudio.TestTools.TestTypes.Unit.UnitTestAdapter, Microsoft.VisualStudio.QualityTools.Tips.UnitTest.Adapter, Version=15.0.0.0, Culture=neutral, PublicKeyToken=b03f5f7f11d50a3a" className="ProjectManagement.Test.UserControllerTest, ProjectManagement.Tests, Version=1.0.0.0, Culture=neutral, PublicKeyToken=null" name="TestDeleteUser_Success" />
    </UnitTest>
    <LoadTest Name="LoadTest1" Description="" Owner="" storage="c:\users\administrator\desktop\sba-exercise\server\projectmanagement\projectmanager.loadtest\loadtest1.loadtest" Priority="2147483647" Enabled="true" CssProjectStructure="" CssIteration="" DeploymentItemsEditable="" WorkItemIds="" TraceLevel="None" CurrentRunConfig="Run Settings1" Id="d38bd6c9-b64d-4871-b934-599305c9aa7b">
      <Scenarios>
        <Scenario Name="Scenario1" DelayBetweenIterations="0" PercentNewUsers="0" IPSwitching="false" TestMixType="PercentageOfTestsStarted" ApplyDistributionToPacingDelay="true" MaxTestIterations="0" DisableDuringWarmup="false" DelayStartTime="0" AllowedAgents="">
          <ThinkProfile Value="0.2" Pattern="NormalDistribution" />
          <LoadProfile Pattern="Constant" InitialUsers="25" />
          <TestMix>
            <TestProfile Name="TestDeleteProject_CompletedTasksGreater" Path="c:\users\administrator\desktop\sba-exercise\server\projectmanagement\projectmanagement.tests\bin\debug\projectmanagement.tests.dll" Id="d333cd29-cef7-da96-5b7c-b9bf1840ed57" Percentage="2" Type="Microsoft.VisualStudio.TestTools.TestTypes.Unit.UnitTestElement, Microsoft.VisualStudio.QualityTools.Tips.UnitTest.ObjectModel, Version=15.0.0.0, Culture=neutral, PublicKeyToken=b03f5f7f11d50a3a" />
            <TestProfile Name="TestDeleteProject_NegativeProjectId" Path="c:\users\administrator\desktop\sba-exercise\server\projectmanagement\projectmanagement.tests\bin\debug\projectmanagement.tests.dll" Id="af40eb08-6e35-1f9e-1137-e26eaead46db" Percentage="2" Type="Microsoft.VisualStudio.TestTools.TestTypes.Unit.UnitTestElement, Microsoft.VisualStudio.QualityTools.Tips.UnitTest.ObjectModel, Version=15.0.0.0, Culture=neutral, PublicKeyToken=b03f5f7f11d50a3a" />
            <TestProfile Name="TestDeleteProject_NegativeProjectIdInUser" Path="c:\users\administrator\desktop\sba-exercise\server\projectmanagement\projectmanagement.tests\bin\debug\projectmanagement.tests.dll" Id="5338f607-76cb-c49b-3534-36ff925af34b" Percentage="2" Type="Microsoft.VisualStudio.TestTools.TestTypes.Unit.UnitTestElement, Microsoft.VisualStudio.QualityTools.Tips.UnitTest.ObjectModel, Version=15.0.0.0, Culture=neutral, PublicKeyToken=b03f5f7f11d50a3a" />
            <TestProfile Name="TestDeleteProject_NoProjectAsParameter" Path="c:\users\administrator\desktop\sba-exercise\server\projectmanagement\projectmanagement.tests\bin\debug\projectmanagement.tests.dll" Id="cbf91319-bac8-2248-a376-94bedb9bcf8e" Percentage="2" Type="Microsoft.VisualStudio.TestTools.TestTypes.Unit.UnitTestElement, Microsoft.VisualStudio.QualityTools.Tips.UnitTest.ObjectModel, Version=15.0.0.0, Culture=neutral, PublicKeyToken=b03f5f7f11d50a3a" />
            <TestProfile Name="TestDeleteProject_UserNullInProject" Path="c:\users\administrator\desktop\sba-exercise\server\projectmanagement\projectmanagement.tests\bin\debug\projectmanagement.tests.dll" Id="39f39575-d1b0-8a0b-9934-d8b1945d07c0" Percentage="2" Type="Microsoft.VisualStudio.TestTools.TestTypes.Unit.UnitTestElement, Microsoft.VisualStudio.QualityTools.Tips.UnitTest.ObjectModel, Version=15.0.0.0, Culture=neutral, PublicKeyToken=b03f5f7f11d50a3a" />
            <TestProfile Name="TestDeleteProjects_Success" Path="c:\users\administrator\desktop\sba-exercise\server\projectmanagement\projectmanagement.tests\bin\debug\projectmanagement.tests.dll" Id="26006798-996c-ca49-394d-e15c80aaf31b" Percentage="2" Type="Microsoft.VisualStudio.TestTools.TestTypes.Unit.UnitTestElement, Microsoft.VisualStudio.QualityTools.Tips.UnitTest.ObjectModel, Version=15.0.0.0, Culture=neutral, PublicKeyToken=b03f5f7f11d50a3a" />
            <TestProfile Name="TestDeleteProjects_Success" Path="c:\users\administrator\desktop\sba-exercise\server\projectmanagement\projectmanagement.tests\bin\debug\projectmanagement.tests.dll" Id="cfa67afc-affd-cfcf-0fc8-3f3d812e8ea3" Percentage="2" Type="Microsoft.VisualStudio.TestTools.TestTypes.Unit.UnitTestElement, Microsoft.VisualStudio.QualityTools.Tips.UnitTest.ObjectModel, Version=15.0.0.0, Culture=neutral, PublicKeyToken=b03f5f7f11d50a3a" />
            <TestProfile Name="TestDeleteTask_NegativeProjectId" Path="c:\users\administrator\desktop\sba-exercise\server\projectmanagement\projectmanagement.tests\bin\debug\projectmanagement.tests.dll" Id="a91d0eac-8cbc-f081-52d3-03ec8a337e51" Percentage="2" Type="Microsoft.VisualStudio.TestTools.TestTypes.Unit.UnitTestElement, Microsoft.VisualStudio.QualityTools.Tips.UnitTest.ObjectModel, Version=15.0.0.0, Culture=neutral, PublicKeyToken=b03f5f7f11d50a3a" />
            <TestProfile Name="TestDeleteTask_NegativeTaskId" Path="c:\users\administrator\desktop\sba-exercise\server\projectmanagement\projectmanagement.tests\bin\debug\projectmanagement.tests.dll" Id="d766aaac-ac21-3eaa-8722-de72584a8803" Percentage="2" Type="Microsoft.VisualStudio.TestTools.TestTypes.Unit.UnitTestElement, Microsoft.VisualStudio.QualityTools.Tips.UnitTest.ObjectModel, Version=15.0.0.0, Culture=neutral, PublicKeyToken=b03f5f7f11d50a3a" />
            <TestProfile Name="TestDeleteTask_NegativeTaskParentId" Path="c:\users\administrator\desktop\sba-exercise\server\projectmanagement\projectmanagement.tests\bin\debug\projectmanagement.tests.dll" Id="15511aa6-f7e3-7a1a-1758-1ec38f729ccb" Percentage="2" Type="Microsoft.VisualStudio.TestTools.TestTypes.Unit.UnitTestElement, Microsoft.VisualStudio.QualityTools.Tips.UnitTest.ObjectModel, Version=15.0.0.0, Culture=neutral, PublicKeyToken=b03f5f7f11d50a3a" />
            <TestProfile Name="TestDeleteTask_NullTaskObject" Path="c:\users\administrator\desktop\sba-exercise\server\projectmanagement\projectmanagement.tests\bin\debug\projectmanagement.tests.dll" Id="211f76b8-d357-2828-53a5-c45d5306157c" Percentage="2" Type="Microsoft.VisualStudio.TestTools.TestTypes.Unit.UnitTestElement, Microsoft.VisualStudio.QualityTools.Tips.UnitTest.ObjectModel, Version=15.0.0.0, Culture=neutral, PublicKeyToken=b03f5f7f11d50a3a" />
            <TestProfile Name="TestDeleteUser_InvalidEmployeeId" Path="c:\users\administrator\desktop\sba-exercise\server\projectmanagement\projectmanagement.tests\bin\debug\projectmanagement.tests.dll" Id="d191cbe5-2a6e-acdd-a615-0557a0aba39e" Percentage="2" Type="Microsoft.VisualStudio.TestTools.TestTypes.Unit.UnitTestElement, Microsoft.VisualStudio.QualityTools.Tips.UnitTest.ObjectModel, Version=15.0.0.0, Culture=neutral, PublicKeyToken=b03f5f7f11d50a3a" />
            <TestProfile Name="TestDeleteUser_InvalidProjectIdFormat" Path="c:\users\administrator\desktop\sba-exercise\server\projectmanagement\projectmanagement.tests\bin\debug\projectmanagement.tests.dll" Id="73e56084-eb36-e7ff-b1a8-e9ed3dea2cf7" Percentage="2" Type="Microsoft.VisualStudio.TestTools.TestTypes.Unit.UnitTestElement, Microsoft.VisualStudio.QualityTools.Tips.UnitTest.ObjectModel, Version=15.0.0.0, Culture=neutral, PublicKeyToken=b03f5f7f11d50a3a" />
            <TestProfile Name="TestDeleteUser_NegativeEmployeeId" Path="c:\users\administrator\desktop\sba-exercise\server\projectmanagement\projectmanagement.tests\bin\debug\projectmanagement.tests.dll" Id="0f92d585-0efb-771d-c7cd-9ddb9841880a" Percentage="2" Type="Microsoft.VisualStudio.TestTools.TestTypes.Unit.UnitTestElement, Microsoft.VisualStudio.QualityTools.Tips.UnitTest.ObjectModel, Version=15.0.0.0, Culture=neutral, PublicKeyToken=b03f5f7f11d50a3a" />
            <TestProfile Name="TestDeleteUser_NegativeUserIdFormat" Path="c:\users\administrator\desktop\sba-exercise\server\projectmanagement\projectmanagement.tests\bin\debug\projectmanagement.tests.dll" Id="cb28244f-e99b-f9a9-d562-960aff079cb3" Percentage="2" Type="Microsoft.VisualStudio.TestTools.TestTypes.Unit.UnitTestElement, Microsoft.VisualStudio.QualityTools.Tips.UnitTest.ObjectModel, Version=15.0.0.0, Culture=neutral, PublicKeyToken=b03f5f7f11d50a3a" />
            <TestProfile Name="TestDeleteUser_Success" Path="c:\users\administrator\desktop\sba-exercise\server\projectmanagement\projectmanagement.tests\bin\debug\projectmanagement.tests.dll" Id="cc024381-7ae7-1b32-42a5-a1145246956b" Percentage="2" Type="Microsoft.VisualStudio.TestTools.TestTypes.Unit.UnitTestElement, Microsoft.VisualStudio.QualityTools.Tips.UnitTest.ObjectModel, Version=15.0.0.0, Culture=neutral, PublicKeyToken=b03f5f7f11d50a3a" />
            <TestProfile Name="TestDeleteUser_UserNullException" Path="c:\users\administrator\desktop\sba-exercise\server\projectmanagement\projectmanagement.tests\bin\debug\projectmanagement.tests.dll" Id="c57dbb3d-43fc-a239-5fcc-c04541c6b167" Percentage="2" Type="Microsoft.VisualStudio.TestTools.TestTypes.Unit.UnitTestElement, Microsoft.VisualStudio.QualityTools.Tips.UnitTest.ObjectModel, Version=15.0.0.0, Culture=neutral, PublicKeyToken=b03f5f7f11d50a3a" />
            <TestProfile Name="TestGetProjects_Success" Path="c:\users\administrator\desktop\sba-exercise\server\projectmanagement\projectmanagement.tests\bin\debug\projectmanagement.tests.dll" Id="03041db9-87cd-e883-c7f3-54100f8b012c" Percentage="2" Type="Microsoft.VisualStudio.TestTools.TestTypes.Unit.UnitTestElement, Microsoft.VisualStudio.QualityTools.Tips.UnitTest.ObjectModel, Version=15.0.0.0, Culture=neutral, PublicKeyToken=b03f5f7f11d50a3a" />
            <TestProfile Name="TestGetUser_Success" Path="c:\users\administrator\desktop\sba-exercise\server\projectmanagement\projectmanagement.tests\bin\debug\projectmanagement.tests.dll" Id="95993b16-8db1-d2aa-0b51-773b5f05f1aa" Percentage="2" Type="Microsoft.VisualStudio.TestTools.TestTypes.Unit.UnitTestElement, Microsoft.VisualStudio.QualityTools.Tips.UnitTest.ObjectModel, Version=15.0.0.0, Culture=neutral, PublicKeyToken=b03f5f7f11d50a3a" />
            <TestProfile Name="TestInsertProject_CompletedTasksGreater" Path="c:\users\administrator\desktop\sba-exercise\server\projectmanagement\projectmanagement.tests\bin\debug\projectmanagement.tests.dll" Id="799f19f6-f555-c4a9-98ae-de71f4a099bf" Percentage="2" Type="Microsoft.VisualStudio.TestTools.TestTypes.Unit.UnitTestElement, Microsoft.VisualStudio.QualityTools.Tips.UnitTest.ObjectModel, Version=15.0.0.0, Culture=neutral, PublicKeyToken=b03f5f7f11d50a3a" />
            <TestProfile Name="TestInsertProject_NegativeProjectId" Path="c:\users\administrator\desktop\sba-exercise\server\projectmanagement\projectmanagement.tests\bin\debug\projectmanagement.tests.dll" Id="c3ac4f12-d695-2654-8149-3228dcd5844d" Percentage="2" Type="Microsoft.VisualStudio.TestTools.TestTypes.Unit.UnitTestElement, Microsoft.VisualStudio.QualityTools.Tips.UnitTest.ObjectModel, Version=15.0.0.0, Culture=neutral, PublicKeyToken=b03f5f7f11d50a3a" />
            <TestProfile Name="TestInsertProject_NegativeProjectIdInUser" Path="c:\users\administrator\desktop\sba-exercise\server\projectmanagement\projectmanagement.tests\bin\debug\projectmanagement.tests.dll" Id="4d188127-6772-193c-dfe9-f3b3f6529660" Percentage="2" Type="Microsoft.VisualStudio.TestTools.TestTypes.Unit.UnitTestElement, Microsoft.VisualStudio.QualityTools.Tips.UnitTest.ObjectModel, Version=15.0.0.0, Culture=neutral, PublicKeyToken=b03f5f7f11d50a3a" />
            <TestProfile Name="TestInsertProject_NoProjectAsParameter" Path="c:\users\administrator\desktop\sba-exercise\server\projectmanagement\projectmanagement.tests\bin\debug\projectmanagement.tests.dll" Id="6710dc62-e54b-a9f6-1221-c61bc3c62505" Percentage="2" Type="Microsoft.VisualStudio.TestTools.TestTypes.Unit.UnitTestElement, Microsoft.VisualStudio.QualityTools.Tips.UnitTest.ObjectModel, Version=15.0.0.0, Culture=neutral, PublicKeyToken=b03f5f7f11d50a3a" />
            <TestProfile Name="TestInsertProject_UserNullInProject" Path="c:\users\administrator\desktop\sba-exercise\server\projectmanagement\projectmanagement.tests\bin\debug\projectmanagement.tests.dll" Id="48f0854c-bf8b-553a-36d9-ea51dd5eb21f" Percentage="2" Type="Microsoft.VisualStudio.TestTools.TestTypes.Unit.UnitTestElement, Microsoft.VisualStudio.QualityTools.Tips.UnitTest.ObjectModel, Version=15.0.0.0, Culture=neutral, PublicKeyToken=b03f5f7f11d50a3a" />
            <TestProfile Name="TestInsertProjects_Success" Path="c:\users\administrator\desktop\sba-exercise\server\projectmanagement\projectmanagement.tests\bin\debug\projectmanagement.tests.dll" Id="f6c4e983-af0b-1eaf-db16-fe2099b298e4" Percentage="2" Type="Microsoft.VisualStudio.TestTools.TestTypes.Unit.UnitTestElement, Microsoft.VisualStudio.QualityTools.Tips.UnitTest.ObjectModel, Version=15.0.0.0, Culture=neutral, PublicKeyToken=b03f5f7f11d50a3a" />
            <TestProfile Name="TestInsertTask_NegativeProjectId" Path="c:\users\administrator\desktop\sba-exercise\server\projectmanagement\projectmanagement.tests\bin\debug\projectmanagement.tests.dll" Id="c9b6c281-eb84-cd88-ab0e-5989ec4ee99d" Percentage="2" Type="Microsoft.VisualStudio.TestTools.TestTypes.Unit.UnitTestElement, Microsoft.VisualStudio.QualityTools.Tips.UnitTest.ObjectModel, Version=15.0.0.0, Culture=neutral, PublicKeyToken=b03f5f7f11d50a3a" />
            <TestProfile Name="TestInsertTask_NegativeTaskId" Path="c:\users\administrator\desktop\sba-exercise\server\projectmanagement\projectmanagement.tests\bin\debug\projectmanagement.tests.dll" Id="abebd5fe-fd3b-5346-dd8f-646a17bb93cd" Percentage="2" Type="Microsoft.VisualStudio.TestTools.TestTypes.Unit.UnitTestElement, Microsoft.VisualStudio.QualityTools.Tips.UnitTest.ObjectModel, Version=15.0.0.0, Culture=neutral, PublicKeyToken=b03f5f7f11d50a3a" />
            <TestProfile Name="TestInsertTask_NegativeTaskParentId" Path="c:\users\administrator\desktop\sba-exercise\server\projectmanagement\projectmanagement.tests\bin\debug\projectmanagement.tests.dll" Id="d2077fe6-886e-c3f8-2ab4-353858453387" Percentage="2" Type="Microsoft.VisualStudio.TestTools.TestTypes.Unit.UnitTestElement, Microsoft.VisualStudio.QualityTools.Tips.UnitTest.ObjectModel, Version=15.0.0.0, Culture=neutral, PublicKeyToken=b03f5f7f11d50a3a" />
            <TestProfile Name="TestInsertTask_NullTaskObject" Path="c:\users\administrator\desktop\sba-exercise\server\projectmanagement\projectmanagement.tests\bin\debug\projectmanagement.tests.dll" Id="3f8908a4-0a2d-e10c-3cc8-46c42a9283d7" Percentage="2" Type="Microsoft.VisualStudio.TestTools.TestTypes.Unit.UnitTestElement, Microsoft.VisualStudio.QualityTools.Tips.UnitTest.ObjectModel, Version=15.0.0.0, Culture=neutral, PublicKeyToken=b03f5f7f11d50a3a" />
            <TestProfile Name="TestInsertTasks_Success" Path="c:\users\administrator\desktop\sba-exercise\server\projectmanagement\projectmanagement.tests\bin\debug\projectmanagement.tests.dll" Id="b6353e8e-0c77-c68a-e57d-7a828d2964fb" Percentage="2" Type="Microsoft.VisualStudio.TestTools.TestTypes.Unit.UnitTestElement, Microsoft.VisualStudio.QualityTools.Tips.UnitTest.ObjectModel, Version=15.0.0.0, Culture=neutral, PublicKeyToken=b03f5f7f11d50a3a" />
            <TestProfile Name="TestInsertUser_InvalidEmployeeId" Path="c:\users\administrator\desktop\sba-exercise\server\projectmanagement\projectmanagement.tests\bin\debug\projectmanagement.tests.dll" Id="c9a2bba9-1725-8089-a14e-0621e50a11eb" Percentage="2" Type="Microsoft.VisualStudio.TestTools.TestTypes.Unit.UnitTestElement, Microsoft.VisualStudio.QualityTools.Tips.UnitTest.ObjectModel, Version=15.0.0.0, Culture=neutral, PublicKeyToken=b03f5f7f11d50a3a" />
            <TestProfile Name="TestInsertUser_InvalidProjectIdFormat" Path="c:\users\administrator\desktop\sba-exercise\server\projectmanagement\projectmanagement.tests\bin\debug\projectmanagement.tests.dll" Id="6ddf1be2-e668-a171-df99-201604580aec" Percentage="2" Type="Microsoft.VisualStudio.TestTools.TestTypes.Unit.UnitTestElement, Microsoft.VisualStudio.QualityTools.Tips.UnitTest.ObjectModel, Version=15.0.0.0, Culture=neutral, PublicKeyToken=b03f5f7f11d50a3a" />
            <TestProfile Name="TestInsertUser_NegativeEmployeeId" Path="c:\users\administrator\desktop\sba-exercise\server\projectmanagement\projectmanagement.tests\bin\debug\projectmanagement.tests.dll" Id="f8d19c8a-1b22-5584-6d91-d74ad6fadabb" Percentage="2" Type="Microsoft.VisualStudio.TestTools.TestTypes.Unit.UnitTestElement, Microsoft.VisualStudio.QualityTools.Tips.UnitTest.ObjectModel, Version=15.0.0.0, Culture=neutral, PublicKeyToken=b03f5f7f11d50a3a" />
            <TestProfile Name="TestInsertUser_Success" Path="c:\users\administrator\desktop\sba-exercise\server\projectmanagement\projectmanagement.tests\bin\debug\projectmanagement.tests.dll" Id="e2556136-3103-b9b3-a13f-0cc19d8d4da9" Percentage="2" Type="Microsoft.VisualStudio.TestTools.TestTypes.Unit.UnitTestElement, Microsoft.VisualStudio.QualityTools.Tips.UnitTest.ObjectModel, Version=15.0.0.0, Culture=neutral, PublicKeyToken=b03f5f7f11d50a3a" />
            <TestProfile Name="TestInsertUser_UserNullException" Path="c:\users\administrator\desktop\sba-exercise\server\projectmanagement\projectmanagement.tests\bin\debug\projectmanagement.tests.dll" Id="fba63926-41b7-9c46-6219-b707b42442df" Percentage="2" Type="Microsoft.VisualStudio.TestTools.TestTypes.Unit.UnitTestElement, Microsoft.VisualStudio.QualityTools.Tips.UnitTest.ObjectModel, Version=15.0.0.0, Culture=neutral, PublicKeyToken=b03f5f7f11d50a3a" />
            <TestProfile Name="TestRetrieveParentTasks_Success" Path="c:\users\administrator\desktop\sba-exercise\server\projectmanagement\projectmanagement.tests\bin\debug\projectmanagement.tests.dll" Id="ad1d3d07-01b1-6c0e-a17e-00efe1f6b062" Percentage="2" Type="Microsoft.VisualStudio.TestTools.TestTypes.Unit.UnitTestElement, Microsoft.VisualStudio.QualityTools.Tips.UnitTest.ObjectModel, Version=15.0.0.0, Culture=neutral, PublicKeyToken=b03f5f7f11d50a3a" />
            <TestProfile Name="TestRetrieveTaskByProjectId_NegativeTaskId" Path="c:\users\administrator\desktop\sba-exercise\server\projectmanagement\projectmanagement.tests\bin\debug\projectmanagement.tests.dll" Id="8407fe54-315b-a283-3970-a669ab328c64" Percentage="2" Type="Microsoft.VisualStudio.TestTools.TestTypes.Unit.UnitTestElement, Microsoft.VisualStudio.QualityTools.Tips.UnitTest.ObjectModel, Version=15.0.0.0, Culture=neutral, PublicKeyToken=b03f5f7f11d50a3a" />
            <TestProfile Name="TestRetrieveTaskByProjectId_Success" Path="c:\users\administrator\desktop\sba-exercise\server\projectmanagement\projectmanagement.tests\bin\debug\projectmanagement.tests.dll" Id="cf9673fb-8d68-7873-83c0-984d2fa20765" Percentage="2" Type="Microsoft.VisualStudio.TestTools.TestTypes.Unit.UnitTestElement, Microsoft.VisualStudio.QualityTools.Tips.UnitTest.ObjectModel, Version=15.0.0.0, Culture=neutral, PublicKeyToken=b03f5f7f11d50a3a" />
            <TestProfile Name="TestRetrieveTasks_Success" Path="c:\users\administrator\desktop\sba-exercise\server\projectmanagement\projectmanagement.tests\bin\debug\projectmanagement.tests.dll" Id="72f3c69e-686d-5d84-6a23-ea6b352f9e79" Percentage="2" Type="Microsoft.VisualStudio.TestTools.TestTypes.Unit.UnitTestElement, Microsoft.VisualStudio.QualityTools.Tips.UnitTest.ObjectModel, Version=15.0.0.0, Culture=neutral, PublicKeyToken=b03f5f7f11d50a3a" />
            <TestProfile Name="TestUpdateProject_CompletedTasksGreater" Path="c:\users\administrator\desktop\sba-exercise\server\projectmanagement\projectmanagement.tests\bin\debug\projectmanagement.tests.dll" Id="787f101f-2ed7-2cef-872b-50f2710d7850" Percentage="2" Type="Microsoft.VisualStudio.TestTools.TestTypes.Unit.UnitTestElement, Microsoft.VisualStudio.QualityTools.Tips.UnitTest.ObjectModel, Version=15.0.0.0, Culture=neutral, PublicKeyToken=b03f5f7f11d50a3a" />
            <TestProfile Name="TestUpdateProject_NegativeProjectId" Path="c:\users\administrator\desktop\sba-exercise\server\projectmanagement\projectmanagement.tests\bin\debug\projectmanagement.tests.dll" Id="0dcdf598-18b8-ab87-7c68-3d00a6cf1038" Percentage="2" Type="Microsoft.VisualStudio.TestTools.TestTypes.Unit.UnitTestElement, Microsoft.VisualStudio.QualityTools.Tips.UnitTest.ObjectModel, Version=15.0.0.0, Culture=neutral, PublicKeyToken=b03f5f7f11d50a3a" />
            <TestProfile Name="TestUpdateProject_NegativeProjectIdInUser" Path="c:\users\administrator\desktop\sba-exercise\server\projectmanagement\projectmanagement.tests\bin\debug\projectmanagement.tests.dll" Id="4955df02-4758-a74e-3bee-39ea6b8d0491" Percentage="2" Type="Microsoft.VisualStudio.TestTools.TestTypes.Unit.UnitTestElement, Microsoft.VisualStudio.QualityTools.Tips.UnitTest.ObjectModel, Version=15.0.0.0, Culture=neutral, PublicKeyToken=b03f5f7f11d50a3a" />
            <TestProfile Name="TestUpdateProject_NoProjectAsParameter" Path="c:\users\administrator\desktop\sba-exercise\server\projectmanagement\projectmanagement.tests\bin\debug\projectmanagement.tests.dll" Id="97b25215-8410-27f6-7b38-1fdf47f5c0e4" Percentage="2" Type="Microsoft.VisualStudio.TestTools.TestTypes.Unit.UnitTestElement, Microsoft.VisualStudio.QualityTools.Tips.UnitTest.ObjectModel, Version=15.0.0.0, Culture=neutral, PublicKeyToken=b03f5f7f11d50a3a" />
            <TestProfile Name="TestUpdateProject_UserNullInProject" Path="c:\users\administrator\desktop\sba-exercise\server\projectmanagement\projectmanagement.tests\bin\debug\projectmanagement.tests.dll" Id="775b9897-286f-0527-f512-9c88dbe2d16e" Percentage="1" Type="Microsoft.VisualStudio.TestTools.TestTypes.Unit.UnitTestElement, Microsoft.VisualStudio.QualityTools.Tips.UnitTest.ObjectModel, Version=15.0.0.0, Culture=neutral, PublicKeyToken=b03f5f7f11d50a3a" />
            <TestProfile Name="TestUpdateProjects_Success" Path="c:\users\administrator\desktop\sba-exercise\server\projectmanagement\projectmanagement.tests\bin\debug\projectmanagement.tests.dll" Id="6f05af90-af74-8ec6-67bf-b4bd7934ce4d" Percentage="1" Type="Microsoft.VisualStudio.TestTools.TestTypes.Unit.UnitTestElement, Microsoft.VisualStudio.QualityTools.Tips.UnitTest.ObjectModel, Version=15.0.0.0, Culture=neutral, PublicKeyToken=b03f5f7f11d50a3a" />
            <TestProfile Name="TestUpdateProjects_Success" Path="c:\users\administrator\desktop\sba-exercise\server\projectmanagement\projectmanagement.tests\bin\debug\projectmanagement.tests.dll" Id="3bf8f6be-341f-eb38-bf0a-c2153d6814f7" Percentage="1" Type="Microsoft.VisualStudio.TestTools.TestTypes.Unit.UnitTestElement, Microsoft.VisualStudio.QualityTools.Tips.UnitTest.ObjectModel, Version=15.0.0.0, Culture=neutral, PublicKeyToken=b03f5f7f11d50a3a" />
            <TestProfile Name="TestUpdateTask_NegativeProjectId" Path="c:\users\administrator\desktop\sba-exercise\server\projectmanagement\projectmanagement.tests\bin\debug\projectmanagement.tests.dll" Id="b68780a3-fa27-287e-d35f-fe196091bed3" Percentage="1" Type="Microsoft.VisualStudio.TestTools.TestTypes.Unit.UnitTestElement, Microsoft.VisualStudio.QualityTools.Tips.UnitTest.ObjectModel, Version=15.0.0.0, Culture=neutral, PublicKeyToken=b03f5f7f11d50a3a" />
            <TestProfile Name="TestUpdateTask_NegativeTaskId" Path="c:\users\administrator\desktop\sba-exercise\server\projectmanagement\projectmanagement.tests\bin\debug\projectmanagement.tests.dll" Id="99e2893b-b917-5d68-e4ef-31e56efb10d3" Percentage="1" Type="Microsoft.VisualStudio.TestTools.TestTypes.Unit.UnitTestElement, Microsoft.VisualStudio.QualityTools.Tips.UnitTest.ObjectModel, Version=15.0.0.0, Culture=neutral, PublicKeyToken=b03f5f7f11d50a3a" />
            <TestProfile Name="TestUpdateTask_NegativeTaskParentId" Path="c:\users\administrator\desktop\sba-exercise\server\projectmanagement\projectmanagement.tests\bin\debug\projectmanagement.tests.dll" Id="3872c9e0-213e-1a46-2f54-028a4f651047" Percentage="1" Type="Microsoft.VisualStudio.TestTools.TestTypes.Unit.UnitTestElement, Microsoft.VisualStudio.QualityTools.Tips.UnitTest.ObjectModel, Version=15.0.0.0, Culture=neutral, PublicKeyToken=b03f5f7f11d50a3a" />
            <TestProfile Name="TestUpdateTask_NullTaskObject" Path="c:\users\administrator\desktop\sba-exercise\server\projectmanagement\projectmanagement.tests\bin\debug\projectmanagement.tests.dll" Id="5581a195-3002-c130-2ef2-2a672b9f7eb3" Percentage="1" Type="Microsoft.VisualStudio.TestTools.TestTypes.Unit.UnitTestElement, Microsoft.VisualStudio.QualityTools.Tips.UnitTest.ObjectModel, Version=15.0.0.0, Culture=neutral, PublicKeyToken=b03f5f7f11d50a3a" />
            <TestProfile Name="TestUpdateUser_InvalidEmployeeId" Path="c:\users\administrator\desktop\sba-exercise\server\projectmanagement\projectmanagement.tests\bin\debug\projectmanagement.tests.dll" Id="c672a99a-065d-da1a-46dd-6fe60782c1f8" Percentage="1" Type="Microsoft.VisualStudio.TestTools.TestTypes.Unit.UnitTestElement, Microsoft.VisualStudio.QualityTools.Tips.UnitTest.ObjectModel, Version=15.0.0.0, Culture=neutral, PublicKeyToken=b03f5f7f11d50a3a" />
            <TestProfile Name="TestUpdateUser_InvalidProjectIdFormat" Path="c:\users\administrator\desktop\sba-exercise\server\projectmanagement\projectmanagement.tests\bin\debug\projectmanagement.tests.dll" Id="19977303-04aa-7495-f9d3-335538a26b9e" Percentage="1" Type="Microsoft.VisualStudio.TestTools.TestTypes.Unit.UnitTestElement, Microsoft.VisualStudio.QualityTools.Tips.UnitTest.ObjectModel, Version=15.0.0.0, Culture=neutral, PublicKeyToken=b03f5f7f11d50a3a" />
            <TestProfile Name="TestUpdateUser_NegativeEmployeeId" Path="c:\users\administrator\desktop\sba-exercise\server\projectmanagement\projectmanagement.tests\bin\debug\projectmanagement.tests.dll" Id="fa9eccc0-3a14-4cb8-78d1-5bc09de27b65" Percentage="1" Type="Microsoft.VisualStudio.TestTools.TestTypes.Unit.UnitTestElement, Microsoft.VisualStudio.QualityTools.Tips.UnitTest.ObjectModel, Version=15.0.0.0, Culture=neutral, PublicKeyToken=b03f5f7f11d50a3a" />
            <TestProfile Name="TestUpdateUser_NegativeUserIdFormat" Path="c:\users\administrator\desktop\sba-exercise\server\projectmanagement\projectmanagement.tests\bin\debug\projectmanagement.tests.dll" Id="618ec8c3-89d5-6451-2056-6b774010bea8" Percentage="1" Type="Microsoft.VisualStudio.TestTools.TestTypes.Unit.UnitTestElement, Microsoft.VisualStudio.QualityTools.Tips.UnitTest.ObjectModel, Version=15.0.0.0, Culture=neutral, PublicKeyToken=b03f5f7f11d50a3a" />
            <TestProfile Name="TestUpdateUser_Success" Path="c:\users\administrator\desktop\sba-exercise\server\projectmanagement\projectmanagement.tests\bin\debug\projectmanagement.tests.dll" Id="365d8ab6-106f-6dfd-7ec1-ccbc632eba6b" Percentage="1" Type="Microsoft.VisualStudio.TestTools.TestTypes.Unit.UnitTestElement, Microsoft.VisualStudio.QualityTools.Tips.UnitTest.ObjectModel, Version=15.0.0.0, Culture=neutral, PublicKeyToken=b03f5f7f11d50a3a" />
            <TestProfile Name="TestUpdateUser_UserNullException" Path="c:\users\administrator\desktop\sba-exercise\server\projectmanagement\projectmanagement.tests\bin\debug\projectmanagement.tests.dll" Id="08107253-d031-acc9-bd55-3fa0a7bd206b" Percentage="1" Type="Microsoft.VisualStudio.TestTools.TestTypes.Unit.UnitTestElement, Microsoft.VisualStudio.QualityTools.Tips.UnitTest.ObjectModel, Version=15.0.0.0, Culture=neutral, PublicKeyToken=b03f5f7f11d50a3a" />
            <TestProfile Name="WebTest1" Path="c:\users\administrator\desktop\sba-exercise\server\projectmanagement\projectmanager.loadtest\webtest1.webtest" Id="9528a13a-3724-4e5e-bf8e-d0519628c12c" Percentage="1" Type="Microsoft.VisualStudio.TestTools.WebStress.DeclarativeWebTestElement, Microsoft.VisualStudio.QualityTools.LoadTest, Version=15.0.0.0, Culture=neutral, PublicKeyToken=b03f5f7f11d50a3a" />
          </TestMix>
          <BrowserMix>
            <BrowserProfile Percentage="100">
              <Browser Name="Internet Explorer 9.0" MaxConnections="6">
                <Headers>
                  <Header Name="User-Agent" Value="Mozilla/5.0 (compatible; MSIE 9.0; Windows NT 6.1; Trident/5.0)" />
                  <Header Name="Accept" Value="*/*" />
                  <Header Name="Accept-Language" Value="{{$IEAcceptLanguage}}" />
                  <Header Name="Accept-Encoding" Value="GZIP" />
                </Headers>
              </Browser>
            </BrowserProfile>
          </BrowserMix>
          <NetworkMix>
            <NetworkProfile Percentage="100">
              <Network Name="LAN" BandwidthInKbps="1000000" NetworkProfileConfigurationXml="&lt;Emulation&gt;&lt;VirtualChannel name=&quot;defaultChannel&quot;&gt;&lt;FilterList/&gt;&lt;VirtualLink instances=&quot;1&quot; name=&quot;defaultLink&quot;&gt;&lt;LinkRule dir=&quot;upstream&quot;&gt;&lt;Bandwidth&gt;&lt;Speed unit=&quot;kbps&quot;&gt;1000000&lt;/Speed&gt;&lt;/Bandwidth&gt;&lt;/LinkRule&gt;&lt;LinkRule dir=&quot;downstream&quot;&gt;&lt;Bandwidth&gt;&lt;Speed unit=&quot;kbps&quot;&gt;1000000&lt;/Speed&gt;&lt;/Bandwidth&gt;&lt;/LinkRule&gt;&lt;/VirtualLink&gt;&lt;/VirtualChannel&gt;&lt;/Emulation&gt;" />
            </NetworkProfile>
          </NetworkMix>
        </Scenario>
      </Scenarios>
      <CounterSets>
        <CounterSet Name="DOTNET" CounterSetType="LoadTest" LocId="">
          <CounterCategories>
            <CounterCategory Name="LoadTest:Scenario">
              <Counters>
                <Counter Name="User Load" HigherIsBetter="true" />
                <Counter Name="Tests Running" HigherIsBetter="true" />
              </Counters>
            </CounterCategory>
            <CounterCategory Name="LoadTest:Test">
              <Counters>
                <Counter Name="Total Tests" HigherIsBetter="true" />
                <Counter Name="Passed Tests" HigherIsBetter="true" />
                <Counter Name="Failed Tests" />
                <Counter Name="Tests/Sec" HigherIsBetter="true" />
                <Counter Name="Passed Tests/Sec" HigherIsBetter="true" />
                <Counter Name="Failed Tests/Sec" />
                <Counter Name="Avg. Requests/Test" HigherIsBetter="true" />
                <Counter Name="Avg. Test Time" />
                <Counter Name="% Time in LoadTestPlugin" />
                <Counter Name="% Time in WebTest code" />
                <Counter Name="% Time in Rules" />
              </Counters>
            </CounterCategory>
            <CounterCategory Name="LoadTest:Transaction">
              <Counters>
                <Counter Name="Total Transactions" HigherIsBetter="true" />
                <Counter Name="Avg. Transaction Time" />
                <Counter Name="Avg. Response Time" />
                <Counter Name="Transactions/Sec" HigherIsBetter="true" />
              </Counters>
            </CounterCategory>
            <CounterCategory Name="LoadTest:Errors">
              <Counters>
                <Counter Name="Http Errors" />
                <Counter Name="Validation Rule Errors" />
                <Counter Name="Extraction Rule Errors" />
                <Counter Name="Requests Timed Out" />
                <Counter Name="Exceptions" />
                <Counter Name="Total Errors" />
                <Counter Name="Errors/Sec" />
                <Counter Name="Threshold Violations/Sec" />
              </Counters>
            </CounterCategory>
            <CounterCategory Name="LoadTest:Page">
              <Counters>
                <Counter Name="Total Pages" HigherIsBetter="true" />
                <Counter Name="Avg. Page Time" />
                <Counter Name="Page Response Time Goal" HigherIsBetter="true" />
                <Counter Name="% Pages Meeting Goal" HigherIsBetter="true" />
                <Counter Name="Pages/Sec" HigherIsBetter="true" />
              </Counters>
            </CounterCategory>
            <CounterCategory Name="LoadTest:Request">
              <Counters>
                <Counter Name="Total Requests" HigherIsBetter="true" />
                <Counter Name="Passed Requests" HigherIsBetter="true" />
                <Counter Name="Failed Requests" />
                <Counter Name="Cached Requests" HigherIsBetter="true" />
                <Counter Name="Requests/Sec" HigherIsBetter="true" />
                <Counter Name="Passed Requests/Sec" HigherIsBetter="true" />
                <Counter Name="Failed Requests/Sec" />
                <Counter Name="Avg. First Byte Time" />
                <Counter Name="Avg. Response Time" />
                <Counter Name="Avg. Connection Wait Time">
                  <ThresholdRules>
                    <ThresholdRule Classname="Microsoft.VisualStudio.TestTools.WebStress.Rules.ThresholdRuleCompareCounters, Microsoft.VisualStudio.QualityTools.LoadTest, Version=15.0.0.0, Culture=neutral, PublicKeyToken=b03f5f7f11d50a3a">
                      <RuleParameters>
                        <RuleParameter Name="DependentCategory" Value="LoadTest:Page" />
                        <RuleParameter Name="DependentCounter" Value="Avg. Page Time" />
                        <RuleParameter Name="DependentInstance" Value="_Total" />
                        <RuleParameter Name="AlertIfOver" Value="True" />
                        <RuleParameter Name="WarningThreshold" Value="0.25" />
                        <RuleParameter Name="CriticalThreshold" Value="0.5" />
                      </RuleParameters>
                    </ThresholdRule>
                  </ThresholdRules>
                </Counter>
                <Counter Name="Avg. Content Length" />
              </Counters>
            </CounterCategory>
            <CounterCategory Name="LoadTest:LogEntries">
              <Counters>
                <Counter Name="Total Log Entries" />
                <Counter Name="Log Entries/Sec" />
              </Counters>
            </CounterCategory>
          </CounterCategories>
        </CounterSet>
        <CounterSet Name="Controller" CounterSetType="Controller" LocId="CounterSet_Controller">
          <CounterCategories>
            <CounterCategory Name="Memory">
              <Counters>
                <Counter Name="% Committed Bytes In Use" Range="100" />
                <Counter Name="Available MBytes" RangeGroup="Memory Bytes" HigherIsBetter="true">
                  <ThresholdRules>
                    <ThresholdRule Classname="Microsoft.VisualStudio.TestTools.WebStress.Rules.ThresholdRuleCompareConstant, Microsoft.VisualStudio.QualityTools.LoadTest">
                      <RuleParameters>
                        <RuleParameter Name="AlertIfOver" Value="False" />
                        <RuleParameter Name="WarningThreshold" Value="100" />
                        <RuleParameter Name="CriticalThreshold" Value="50" />
                      </RuleParameters>
                    </ThresholdRule>
                    <ThresholdRule Classname="Microsoft.VisualStudio.TestTools.WebStress.Rules.ThresholdRuleCompareConstant, Microsoft.VisualStudio.QualityTools.LoadTest">
                      <RuleParameters>
                        <RuleParameter Name="AlertIfOver" Value="False" />
                        <RuleParameter Name="WarningThreshold" Value="100" />
                        <RuleParameter Name="CriticalThreshold" Value="50" />
                      </RuleParameters>
                    </ThresholdRule>
                  </ThresholdRules>
                </Counter>
                <Counter Name="Page Faults/sec" />
                <Counter Name="Pages/sec" />
                <Counter Name="Pool Paged Bytes" RangeGroup="Memory Bytes" />
                <Counter Name="Pool Nonpaged bytes" RangeGroup="Memory Bytes" />
              </Counters>
            </CounterCategory>
            <CounterCategory Name="Network Interface">
              <Counters>
                <Counter Name="Bytes Received/sec" RangeGroup="Network Bytes" />
                <Counter Name="Bytes Sent/sec" RangeGroup="Network Bytes" />
                <Counter Name="Output Queue Length">
                  <ThresholdRules>
                    <ThresholdRule Classname="Microsoft.VisualStudio.TestTools.WebStress.Rules.ThresholdRuleCompareConstant, Microsoft.VisualStudio.QualityTools.LoadTest">
                      <RuleParameters>
                        <RuleParameter Name="AlertIfOver" Value="True" />
                        <RuleParameter Name="WarningThreshold" Value="1.5" />
                        <RuleParameter Name="CriticalThreshold" Value="2" />
                      </RuleParameters>
                    </ThresholdRule>
                    <ThresholdRule Classname="Microsoft.VisualStudio.TestTools.WebStress.Rules.ThresholdRuleCompareConstant, Microsoft.VisualStudio.QualityTools.LoadTest">
                      <RuleParameters>
                        <RuleParameter Name="AlertIfOver" Value="True" />
                        <RuleParameter Name="WarningThreshold" Value="1.5" />
                        <RuleParameter Name="CriticalThreshold" Value="2" />
                      </RuleParameters>
                    </ThresholdRule>
                  </ThresholdRules>
                </Counter>
                <Counter Name="Packets Received/sec" RangeGroup="Network Packets" />
                <Counter Name="Packets Sent/sec" RangeGroup="Network Packets" />
                <Counter Name="Current Bandwidth" RangeGroup="Network Bytes" />
                <Counter Name="Bytes Total/sec" RangeGroup="Network Bytes">
                  <ThresholdRules>
                    <ThresholdRule Classname="Microsoft.VisualStudio.TestTools.WebStress.Rules.ThresholdRuleCompareCounters, Microsoft.VisualStudio.QualityTools.LoadTest, Version=15.0.0.0, Culture=neutral, PublicKeyToken=b03f5f7f11d50a3a">
                      <RuleParameters>
                        <RuleParameter Name="DependentCategory" Value="Network Interface" />
                        <RuleParameter Name="DependentCounter" Value="Current Bandwidth" />
                        <RuleParameter Name="DependentInstance" Value="" />
                        <RuleParameter Name="AlertIfOver" Value="True" />
                        <RuleParameter Name="WarningThreshold" Value="0.6" />
                        <RuleParameter Name="CriticalThreshold" Value="0.7" />
                      </RuleParameters>
                    </ThresholdRule>
                    <ThresholdRule Classname="Microsoft.VisualStudio.TestTools.WebStress.Rules.ThresholdRuleCompareCounters, Microsoft.VisualStudio.QualityTools.LoadTest, Version=15.0.0.0, Culture=neutral, PublicKeyToken=b03f5f7f11d50a3a">
                      <RuleParameters>
                        <RuleParameter Name="DependentCategory" Value="Network Interface" />
                        <RuleParameter Name="DependentCounter" Value="Current Bandwidth" />
                        <RuleParameter Name="DependentInstance" Value="" />
                        <RuleParameter Name="AlertIfOver" Value="True" />
                        <RuleParameter Name="WarningThreshold" Value="0.6" />
                        <RuleParameter Name="CriticalThreshold" Value="0.7" />
                      </RuleParameters>
                    </ThresholdRule>
                  </ThresholdRules>
                </Counter>
              </Counters>
              <Instances>
                <Instance Name="*" />
              </Instances>
            </CounterCategory>
            <CounterCategory Name="PhysicalDisk">
              <Counters>
                <Counter Name="% Disk Read Time" Range="100" />
                <Counter Name="% Disk Time" Range="100" />
                <Counter Name="% Disk Write Time" Range="100" />
                <Counter Name="% Idle Time" Range="100" HigherIsBetter="true">
                  <ThresholdRules>
                    <ThresholdRule Classname="Microsoft.VisualStudio.TestTools.WebStress.Rules.ThresholdRuleCompareConstant, Microsoft.VisualStudio.QualityTools.LoadTest">
                      <RuleParameters>
                        <RuleParameter Name="AlertIfOver" Value="False" />
                        <RuleParameter Name="WarningThreshold" Value="40" />
                        <RuleParameter Name="CriticalThreshold" Value="20" />
                      </RuleParameters>
                    </ThresholdRule>
                    <ThresholdRule Classname="Microsoft.VisualStudio.TestTools.WebStress.Rules.ThresholdRuleCompareConstant, Microsoft.VisualStudio.QualityTools.LoadTest">
                      <RuleParameters>
                        <RuleParameter Name="AlertIfOver" Value="False" />
                        <RuleParameter Name="WarningThreshold" Value="40" />
                        <RuleParameter Name="CriticalThreshold" Value="20" />
                      </RuleParameters>
                    </ThresholdRule>
                  </ThresholdRules>
                </Counter>
                <Counter Name="Avg. Disk Bytes/Read" RangeGroup="DiskBytesRate" />
                <Counter Name="Avg. Disk Bytes/Transfer" RangeGroup="DiskBytesRate" />
                <Counter Name="Avg. Disk Bytes/Write" RangeGroup="DiskBytesRate" />
                <Counter Name="Avg. Disk Queue Length" RangeGroup="Disk Queue Length" />
                <Counter Name="Avg. Disk Read Queue Length" RangeGroup="Disk Queue Length" />
                <Counter Name="Avg. Disk Write Queue Length" RangeGroup="Disk Queue Length" />
                <Counter Name="Current Disk Queue Length" RangeGroup="Disk Queue Length" />
                <Counter Name="Avg. Disk sec/Read" RangeGroup="Disk sec" />
                <Counter Name="Avg. Disk sec/Transfer" RangeGroup="Disk sec" />
                <Counter Name="Avg. Disk sec/Write" RangeGroup="Disk sec" />
                <Counter Name="Disk Bytes/sec" RangeGroup="Disk Bytes sec" />
                <Counter Name="Disk Read Bytes/sec" RangeGroup="Disk Bytes sec" />
                <Counter Name="Disk Reads/sec" RangeGroup="Disk Transfers sec" />
                <Counter Name="Disk Transfers/sec" RangeGroup="Disk Transfers sec" />
                <Counter Name="Disk Write Bytes/sec" RangeGroup="Disk Bytes sec" />
                <Counter Name="Disk Writes/sec" RangeGroup="Disk Transfers sec" />
                <Counter Name="Split IO/Sec" RangeGroup="Disk Transfers sec" />
              </Counters>
              <Instances>
                <Instance Name="*" />
              </Instances>
            </CounterCategory>
            <CounterCategory Name="Processor">
              <Counters>
                <Counter Name="% Processor Time" Range="100">
                  <ThresholdRules>
                    <ThresholdRule Classname="Microsoft.VisualStudio.TestTools.WebStress.Rules.ThresholdRuleCompareConstant, Microsoft.VisualStudio.QualityTools.LoadTest">
                      <RuleParameters>
                        <RuleParameter Name="AlertIfOver" Value="True" />
                        <RuleParameter Name="WarningThreshold" Value="75" />
                        <RuleParameter Name="CriticalThreshold" Value="90" />
                      </RuleParameters>
                    </ThresholdRule>
                    <ThresholdRule Classname="Microsoft.VisualStudio.TestTools.WebStress.Rules.ThresholdRuleCompareConstant, Microsoft.VisualStudio.QualityTools.LoadTest">
                      <RuleParameters>
                        <RuleParameter Name="AlertIfOver" Value="True" />
                        <RuleParameter Name="WarningThreshold" Value="75" />
                        <RuleParameter Name="CriticalThreshold" Value="90" />
                      </RuleParameters>
                    </ThresholdRule>
                  </ThresholdRules>
                </Counter>
                <Counter Name="% Privileged Time" Range="100" />
                <Counter Name="% User Time" Range="100" />
              </Counters>
              <Instances>
                <Instance Name="_Total" />
              </Instances>
            </CounterCategory>
            <CounterCategory Name="System">
              <Counters>
                <Counter Name="Context Switches/sec" />
                <Counter Name="Processes" />
                <Counter Name="Processor Queue Length" />
                <Counter Name="Threads" />
              </Counters>
            </CounterCategory>
            <CounterCategory Name="Process">
              <Counters>
                <Counter Name="% Processor Time" RangeGroup="Processor Time" />
                <Counter Name="% Privileged Time" RangeGroup="Processor Time" />
                <Counter Name="% User Time" RangeGroup="Processor Time" />
                <Counter Name="Handle Count" />
                <Counter Name="Thread Count" />
                <Counter Name="Private Bytes" RangeGroup="Memory Bytes" />
                <Counter Name="Virtual Bytes" RangeGroup="Memory Bytes" />
                <Counter Name="Working Set" RangeGroup="Memory Bytes" />
              </Counters>
              <Instances>
                <Instance Name="QTController" />
                <Instance Name="QTController64" />
              </Instances>
            </CounterCategory>
          </CounterCategories>
          <DefaultCountersForAutomaticGraphs>
            <DefaultCounter CategoryName="Processor" CounterName="% Processor Time" InstanceName="_Total" GraphName="" />
            <DefaultCounter CategoryName="Memory" CounterName="Available MBytes" InstanceName="" GraphName="" />
          </DefaultCountersForAutomaticGraphs>
        </CounterSet>
        <CounterSet Name="Agent" CounterSetType="Agent" LocId="CounterSet_Agent">
          <CounterCategories>
            <CounterCategory Name="Memory">
              <Counters>
                <Counter Name="% Committed Bytes In Use" Range="100" />
                <Counter Name="Available MBytes" RangeGroup="Memory Bytes" HigherIsBetter="true">
                  <ThresholdRules>
                    <ThresholdRule Classname="Microsoft.VisualStudio.TestTools.WebStress.Rules.ThresholdRuleCompareConstant, Microsoft.VisualStudio.QualityTools.LoadTest">
                      <RuleParameters>
                        <RuleParameter Name="AlertIfOver" Value="False" />
                        <RuleParameter Name="WarningThreshold" Value="100" />
                        <RuleParameter Name="CriticalThreshold" Value="50" />
                      </RuleParameters>
                    </ThresholdRule>
                  </ThresholdRules>
                </Counter>
                <Counter Name="Page Faults/sec" />
                <Counter Name="Pages/sec" />
                <Counter Name="Pool Paged Bytes" RangeGroup="Memory Bytes" />
                <Counter Name="Pool Nonpaged bytes" RangeGroup="Memory Bytes" />
              </Counters>
            </CounterCategory>
            <CounterCategory Name="Network Interface">
              <Counters>
                <Counter Name="Bytes Received/sec" RangeGroup="Network Bytes" />
                <Counter Name="Bytes Sent/sec" RangeGroup="Network Bytes" />
                <Counter Name="Output Queue Length">
                  <ThresholdRules>
                    <ThresholdRule Classname="Microsoft.VisualStudio.TestTools.WebStress.Rules.ThresholdRuleCompareConstant, Microsoft.VisualStudio.QualityTools.LoadTest">
                      <RuleParameters>
                        <RuleParameter Name="AlertIfOver" Value="True" />
                        <RuleParameter Name="WarningThreshold" Value="1.5" />
                        <RuleParameter Name="CriticalThreshold" Value="2" />
                      </RuleParameters>
                    </ThresholdRule>
                  </ThresholdRules>
                </Counter>
                <Counter Name="Packets Received/sec" RangeGroup="Network Packets" />
                <Counter Name="Packets Sent/sec" RangeGroup="Network Packets" />
                <Counter Name="Current Bandwidth" RangeGroup="Network Bytes" />
                <Counter Name="Bytes Total/sec" RangeGroup="Network Bytes">
                  <ThresholdRules>
                    <ThresholdRule Classname="Microsoft.VisualStudio.TestTools.WebStress.Rules.ThresholdRuleCompareCounters, Microsoft.VisualStudio.QualityTools.LoadTest, Version=15.0.0.0, Culture=neutral, PublicKeyToken=b03f5f7f11d50a3a">
                      <RuleParameters>
                        <RuleParameter Name="DependentCategory" Value="Network Interface" />
                        <RuleParameter Name="DependentCounter" Value="Current Bandwidth" />
                        <RuleParameter Name="DependentInstance" Value="" />
                        <RuleParameter Name="AlertIfOver" Value="True" />
                        <RuleParameter Name="WarningThreshold" Value="0.6" />
                        <RuleParameter Name="CriticalThreshold" Value="0.7" />
                      </RuleParameters>
                    </ThresholdRule>
                  </ThresholdRules>
                </Counter>
              </Counters>
              <Instances>
                <Instance Name="*" />
              </Instances>
            </CounterCategory>
            <CounterCategory Name="PhysicalDisk">
              <Counters>
                <Counter Name="% Disk Read Time" Range="100" />
                <Counter Name="% Disk Time" Range="100" />
                <Counter Name="% Disk Write Time" Range="100" />
                <Counter Name="% Idle Time" Range="100" HigherIsBetter="true">
                  <ThresholdRules>
                    <ThresholdRule Classname="Microsoft.VisualStudio.TestTools.WebStress.Rules.ThresholdRuleCompareConstant, Microsoft.VisualStudio.QualityTools.LoadTest">
                      <RuleParameters>
                        <RuleParameter Name="AlertIfOver" Value="False" />
                        <RuleParameter Name="WarningThreshold" Value="40" />
                        <RuleParameter Name="CriticalThreshold" Value="20" />
                      </RuleParameters>
                    </ThresholdRule>
                  </ThresholdRules>
                </Counter>
                <Counter Name="Avg. Disk Bytes/Read" RangeGroup="DiskBytesRate" />
                <Counter Name="Avg. Disk Bytes/Transfer" RangeGroup="DiskBytesRate" />
                <Counter Name="Avg. Disk Bytes/Write" RangeGroup="DiskBytesRate" />
                <Counter Name="Avg. Disk Queue Length" RangeGroup="Disk Queue Length" />
                <Counter Name="Avg. Disk Read Queue Length" RangeGroup="Disk Queue Length" />
                <Counter Name="Avg. Disk Write Queue Length" RangeGroup="Disk Queue Length" />
                <Counter Name="Current Disk Queue Length" RangeGroup="Disk Queue Length" />
                <Counter Name="Avg. Disk sec/Read" RangeGroup="Disk sec" />
                <Counter Name="Avg. Disk sec/Transfer" RangeGroup="Disk sec" />
                <Counter Name="Avg. Disk sec/Write" RangeGroup="Disk sec" />
                <Counter Name="Disk Bytes/sec" RangeGroup="Disk Bytes sec" />
                <Counter Name="Disk Read Bytes/sec" RangeGroup="Disk Bytes sec" />
                <Counter Name="Disk Reads/sec" RangeGroup="Disk Transfers sec" />
                <Counter Name="Disk Transfers/sec" RangeGroup="Disk Transfers sec" />
                <Counter Name="Disk Write Bytes/sec" RangeGroup="Disk Bytes sec" />
                <Counter Name="Disk Writes/sec" RangeGroup="Disk Transfers sec" />
                <Counter Name="Split IO/Sec" RangeGroup="Disk Transfers sec" />
              </Counters>
              <Instances>
                <Instance Name="*" />
              </Instances>
            </CounterCategory>
            <CounterCategory Name="Processor">
              <Counters>
                <Counter Name="% Processor Time" Range="100">
                  <ThresholdRules>
                    <ThresholdRule Classname="Microsoft.VisualStudio.TestTools.WebStress.Rules.ThresholdRuleCompareConstant, Microsoft.VisualStudio.QualityTools.LoadTest">
                      <RuleParameters>
                        <RuleParameter Name="AlertIfOver" Value="True" />
                        <RuleParameter Name="WarningThreshold" Value="75" />
                        <RuleParameter Name="CriticalThreshold" Value="90" />
                      </RuleParameters>
                    </ThresholdRule>
                  </ThresholdRules>
                </Counter>
                <Counter Name="% Privileged Time" Range="100" />
                <Counter Name="% User Time" Range="100" />
              </Counters>
              <Instances>
                <Instance Name="0" />
                <Instance Name="_Total" />
              </Instances>
            </CounterCategory>
            <CounterCategory Name="System">
              <Counters>
                <Counter Name="Context Switches/sec" />
                <Counter Name="Processes" />
                <Counter Name="Processor Queue Length" />
                <Counter Name="Threads" />
              </Counters>
            </CounterCategory>
            <CounterCategory Name="Process">
              <Counters>
                <Counter Name="% Processor Time" RangeGroup="Processor Time" />
                <Counter Name="% Privileged Time" RangeGroup="Processor Time" />
                <Counter Name="% User Time" RangeGroup="Processor Time" />
                <Counter Name="Handle Count" />
                <Counter Name="Thread Count" />
                <Counter Name="Private Bytes" RangeGroup="Memory Bytes" />
                <Counter Name="Virtual Bytes" RangeGroup="Memory Bytes" />
                <Counter Name="Working Set" RangeGroup="Memory Bytes" />
              </Counters>
              <Instances>
                <Instance Name="devenv" />
                <Instance Name="QTAgentService" />
                <Instance Name="QTAgent" />
                <Instance Name="QTAgent32" />
                <Instance Name="QTDCAgent" />
                <Instance Name="QTDCAgent32" />
                <Instance Name="QTAgent_35" />
                <Instance Name="QTAgent_40" />
                <Instance Name="QTAgent32_35" />
                <Instance Name="QTAgent32_40" />
              </Instances>
            </CounterCategory>
          </CounterCategories>
          <DefaultCountersForAutomaticGraphs>
            <DefaultCounter CategoryName="Processor" CounterName="% Processor Time" InstanceName="0" GraphName="" RunType="Local" />
            <DefaultCounter CategoryName="Processor" CounterName="% Processor Time" InstanceName="_Total" GraphName="" RunType="Remote" />
            <DefaultCounter CategoryName="Memory" CounterName="Available MBytes" InstanceName="" GraphName="" />
          </DefaultCountersForAutomaticGraphs>
        </CounterSet>
      </CounterSets>
      <RunConfigurations>
        <RunConfiguration Name="Run Settings1" Description="" ResultsStoreType="Database" TimingDetailsStorage="AllIndividualDetails" SaveTestLogsOnError="true" SaveTestLogsFrequency="0" MaxErrorDetails="200" MaxErrorsPerType="1000" MaxThresholdViolations="1000" MaxRequestUrlsReported="1000" UseTestIterations="false" RunDuration="300" WarmupTime="0" CoolDownTime="0" TestIterations="100" WebTestConnectionModel="ConnectionPerUser" WebTestConnectionPoolSize="50" SampleRate="15" ValidationLevel="High" SqlTracingConnectString="" SqlTracingConnectStringDisplayValue="" SqlTracingDirectory="" SqlTracingEnabled="false" SqlTracingFileCount="2" SqlTracingRolloverEnabled="true" SqlTracingMinimumDuration="500" RunUnitTestsInAppDomain="true" CoreCount="0" ResourcesRetentionTimeInMinutes="0" AgentDiagnosticsLevel="Warning">
          <CounterSetMappings>
            <CounterSetMapping ComputerName="[CONTROLLER MACHINE]">
              <CounterSetReferences>
                <CounterSetReference CounterSetName="LoadTest" />
                <CounterSetReference CounterSetName="Controller" />
              </CounterSetReferences>
            </CounterSetMapping>
            <CounterSetMapping ComputerName="[AGENT MACHINES]">
              <CounterSetReferences>
                <CounterSetReference CounterSetName="Agent" />
              </CounterSetReferences>
            </CounterSetMapping>
          </CounterSetMappings>
          <LoadGeneratorLocations>
            <GeoLocation Location="Default" Percentage="100" />
          </LoadGeneratorLocations>
        </RunConfiguration>
      </RunConfigurations>
    </LoadTest>
    <UnitTest name="TestInsertProjects_Success" storage="c:\users\administrator\desktop\sba-exercise\server\projectmanagement\projectmanagement.tests\bin\debug\projectmanagement.tests.dll" id="f6c4e983-af0b-1eaf-db16-fe2099b298e4">
      <TestMethod codeBase="C:/Users/Administrator/Desktop/sba-exercise/server/ProjectManagement/ProjectManagement.Tests/bin/Debug/ProjectManagement.Tests.DLL" adapterTypeName="Microsoft.VisualStudio.TestTools.TestTypes.Unit.UnitTestAdapter, Microsoft.VisualStudio.QualityTools.Tips.UnitTest.Adapter, Version=15.0.0.0, Culture=neutral, PublicKeyToken=b03f5f7f11d50a3a" className="ProjectManagement.Test.ProjectControllerTest, ProjectManagement.Tests, Version=1.0.0.0, Culture=neutral, PublicKeyToken=null" name="TestInsertProjects_Success" />
    </UnitTest>
    <UnitTest name="TestUpdateUser_NegativeUserIdFormat" storage="c:\users\administrator\desktop\sba-exercise\server\projectmanagement\projectmanagement.tests\bin\debug\projectmanagement.tests.dll" id="618ec8c3-89d5-6451-2056-6b774010bea8">
      <TestMethod codeBase="C:/Users/Administrator/Desktop/sba-exercise/server/ProjectManagement/ProjectManagement.Tests/bin/Debug/ProjectManagement.Tests.DLL" adapterTypeName="Microsoft.VisualStudio.TestTools.TestTypes.Unit.UnitTestAdapter, Microsoft.VisualStudio.QualityTools.Tips.UnitTest.Adapter, Version=15.0.0.0, Culture=neutral, PublicKeyToken=b03f5f7f11d50a3a" className="ProjectManagement.Test.UserControllerTest, ProjectManagement.Tests, Version=1.0.0.0, Culture=neutral, PublicKeyToken=null" name="TestUpdateUser_NegativeUserIdFormat" />
    </UnitTest>
    <UnitTest name="TestUpdateProject_UserNullInProject" storage="c:\users\administrator\desktop\sba-exercise\server\projectmanagement\projectmanagement.tests\bin\debug\projectmanagement.tests.dll" id="775b9897-286f-0527-f512-9c88dbe2d16e">
      <TestMethod codeBase="C:/Users/Administrator/Desktop/sba-exercise/server/ProjectManagement/ProjectManagement.Tests/bin/Debug/ProjectManagement.Tests.DLL" adapterTypeName="Microsoft.VisualStudio.TestTools.TestTypes.Unit.UnitTestAdapter, Microsoft.VisualStudio.QualityTools.Tips.UnitTest.Adapter, Version=15.0.0.0, Culture=neutral, PublicKeyToken=b03f5f7f11d50a3a" className="ProjectManagement.Test.ProjectControllerTest, ProjectManagement.Tests, Version=1.0.0.0, Culture=neutral, PublicKeyToken=null" name="TestUpdateProject_UserNullInProject" />
    </UnitTest>
    <UnitTest name="TestDeleteProject_CompletedTasksGreater" storage="c:\users\administrator\desktop\sba-exercise\server\projectmanagement\projectmanagement.tests\bin\debug\projectmanagement.tests.dll" id="d333cd29-cef7-da96-5b7c-b9bf1840ed57">
      <TestMethod codeBase="C:/Users/Administrator/Desktop/sba-exercise/server/ProjectManagement/ProjectManagement.Tests/bin/Debug/ProjectManagement.Tests.DLL" adapterTypeName="Microsoft.VisualStudio.TestTools.TestTypes.Unit.UnitTestAdapter, Microsoft.VisualStudio.QualityTools.Tips.UnitTest.Adapter, Version=15.0.0.0, Culture=neutral, PublicKeyToken=b03f5f7f11d50a3a" className="ProjectManagement.Test.ProjectControllerTest, ProjectManagement.Tests, Version=1.0.0.0, Culture=neutral, PublicKeyToken=null" name="TestDeleteProject_CompletedTasksGreater" />
    </UnitTest>
    <UnitTest name="TestGetProjects_Success" storage="c:\users\administrator\desktop\sba-exercise\server\projectmanagement\projectmanagement.tests\bin\debug\projectmanagement.tests.dll" id="03041db9-87cd-e883-c7f3-54100f8b012c">
      <TestMethod codeBase="C:/Users/Administrator/Desktop/sba-exercise/server/ProjectManagement/ProjectManagement.Tests/bin/Debug/ProjectManagement.Tests.DLL" adapterTypeName="Microsoft.VisualStudio.TestTools.TestTypes.Unit.UnitTestAdapter, Microsoft.VisualStudio.QualityTools.Tips.UnitTest.Adapter, Version=15.0.0.0, Culture=neutral, PublicKeyToken=b03f5f7f11d50a3a" className="ProjectManagement.Test.ProjectControllerTest, ProjectManagement.Tests, Version=1.0.0.0, Culture=neutral, PublicKeyToken=null" name="TestGetProjects_Success" />
    </UnitTest>
    <UnitTest name="TestGetUser_Success" storage="c:\users\administrator\desktop\sba-exercise\server\projectmanagement\projectmanagement.tests\bin\debug\projectmanagement.tests.dll" id="95993b16-8db1-d2aa-0b51-773b5f05f1aa">
      <TestMethod codeBase="C:/Users/Administrator/Desktop/sba-exercise/server/ProjectManagement/ProjectManagement.Tests/bin/Debug/ProjectManagement.Tests.DLL" adapterTypeName="Microsoft.VisualStudio.TestTools.TestTypes.Unit.UnitTestAdapter, Microsoft.VisualStudio.QualityTools.Tips.UnitTest.Adapter, Version=15.0.0.0, Culture=neutral, PublicKeyToken=b03f5f7f11d50a3a" className="ProjectManagement.Test.UserControllerTest, ProjectManagement.Tests, Version=1.0.0.0, Culture=neutral, PublicKeyToken=null" name="TestGetUser_Success" />
    </UnitTest>
    <WebTest name="WebTest1" storage="c:\users\administrator\desktop\sba-exercise\server\projectmanagement\projectmanager.loadtest\webtest1.webtest" id="9528a13a-3724-4e5e-bf8e-d0519628c12c" persistedWebTest="77u/PD94bWwgdmVyc2lvbj0iMS4wIiBlbmNvZGluZz0iVVRGLTgiIHN0YW5kYWxvbmU9InllcyI/Pg0KPFdlYlRlc3QgTmFtZT0iV2ViVGVzdDEiIElkPSI5NTI4YTEzYS0zNzI0LTRlNWUtYmY4ZS1kMDUxOTYyOGMxMmMiIE93bmVyPSIiIFByaW9yaXR5PSIyMTQ3NDgzNjQ3IiBFbmFibGVkPSJUcnVlIiBDc3NQcm9qZWN0U3RydWN0dXJlPSIiIENzc0l0ZXJhdGlvbj0iIiBUaW1lb3V0PSIwIiBXb3JrSXRlbUlkcz0iIiB4bWxucz0iaHR0cDovL21pY3Jvc29mdC5jb20vc2NoZW1hcy9WaXN1YWxTdHVkaW8vVGVhbVRlc3QvMjAxMCIgRGVzY3JpcHRpb249IiIgQ3JlZGVudGlhbFVzZXJOYW1lPSIiIENyZWRlbnRpYWxQYXNzd29yZD0iIiBQcmVBdXRoZW50aWNhdGU9IlRydWUiIFByb3h5PSJkZWZhdWx0IiBTdG9wT25FcnJvcj0iRmFsc2UiIFJlY29yZGVkUmVzdWx0RmlsZT0iIiBSZXN1bHRzTG9jYWxlPSIiIC8+">
    </WebTest>
    <UnitTest name="TestRetrieveTasks_Success" storage="c:\users\administrator\desktop\sba-exercise\server\projectmanagement\projectmanagement.tests\bin\debug\projectmanagement.tests.dll" id="72f3c69e-686d-5d84-6a23-ea6b352f9e79">
      <TestMethod codeBase="C:/Users/Administrator/Desktop/sba-exercise/server/ProjectManagement/ProjectManagement.Tests/bin/Debug/ProjectManagement.Tests.DLL" adapterTypeName="Microsoft.VisualStudio.TestTools.TestTypes.Unit.UnitTestAdapter, Microsoft.VisualStudio.QualityTools.Tips.UnitTest.Adapter, Version=15.0.0.0, Culture=neutral, PublicKeyToken=b03f5f7f11d50a3a" className="ProjectManagement.Test.TaskControllerTest, ProjectManagement.Tests, Version=1.0.0.0, Culture=neutral, PublicKeyToken=null" name="TestRetrieveTasks_Success" />
    </UnitTest>
    <UnitTest name="TestInsertTask_NegativeTaskId" storage="c:\users\administrator\desktop\sba-exercise\server\projectmanagement\projectmanagement.tests\bin\debug\projectmanagement.tests.dll" id="abebd5fe-fd3b-5346-dd8f-646a17bb93cd">
      <TestMethod codeBase="C:/Users/Administrator/Desktop/sba-exercise/server/ProjectManagement/ProjectManagement.Tests/bin/Debug/ProjectManagement.Tests.DLL" adapterTypeName="Microsoft.VisualStudio.TestTools.TestTypes.Unit.UnitTestAdapter, Microsoft.VisualStudio.QualityTools.Tips.UnitTest.Adapter, Version=15.0.0.0, Culture=neutral, PublicKeyToken=b03f5f7f11d50a3a" className="ProjectManagement.Test.TaskControllerTest, ProjectManagement.Tests, Version=1.0.0.0, Culture=neutral, PublicKeyToken=null" name="TestInsertTask_NegativeTaskId" />
    </UnitTest>
    <UnitTest name="TestUpdateTask_NegativeTaskParentId" storage="c:\users\administrator\desktop\sba-exercise\server\projectmanagement\projectmanagement.tests\bin\debug\projectmanagement.tests.dll" id="3872c9e0-213e-1a46-2f54-028a4f651047">
      <TestMethod codeBase="C:/Users/Administrator/Desktop/sba-exercise/server/ProjectManagement/ProjectManagement.Tests/bin/Debug/ProjectManagement.Tests.DLL" adapterTypeName="Microsoft.VisualStudio.TestTools.TestTypes.Unit.UnitTestAdapter, Microsoft.VisualStudio.QualityTools.Tips.UnitTest.Adapter, Version=15.0.0.0, Culture=neutral, PublicKeyToken=b03f5f7f11d50a3a" className="ProjectManagement.Test.TaskControllerTest, ProjectManagement.Tests, Version=1.0.0.0, Culture=neutral, PublicKeyToken=null" name="TestUpdateTask_NegativeTaskParentId" />
    </UnitTest>
    <UnitTest name="TestInsertTask_NullTaskObject" storage="c:\users\administrator\desktop\sba-exercise\server\projectmanagement\projectmanagement.tests\bin\debug\projectmanagement.tests.dll" id="3f8908a4-0a2d-e10c-3cc8-46c42a9283d7">
      <TestMethod codeBase="C:/Users/Administrator/Desktop/sba-exercise/server/ProjectManagement/ProjectManagement.Tests/bin/Debug/ProjectManagement.Tests.DLL" adapterTypeName="Microsoft.VisualStudio.TestTools.TestTypes.Unit.UnitTestAdapter, Microsoft.VisualStudio.QualityTools.Tips.UnitTest.Adapter, Version=15.0.0.0, Culture=neutral, PublicKeyToken=b03f5f7f11d50a3a" className="ProjectManagement.Test.TaskControllerTest, ProjectManagement.Tests, Version=1.0.0.0, Culture=neutral, PublicKeyToken=null" name="TestInsertTask_NullTaskObject" />
    </UnitTest>
    <UnitTest name="TestInsertProject_NegativeProjectIdInUser" storage="c:\users\administrator\desktop\sba-exercise\server\projectmanagement\projectmanagement.tests\bin\debug\projectmanagement.tests.dll" id="4d188127-6772-193c-dfe9-f3b3f6529660">
      <TestMethod codeBase="C:/Users/Administrator/Desktop/sba-exercise/server/ProjectManagement/ProjectManagement.Tests/bin/Debug/ProjectManagement.Tests.DLL" adapterTypeName="Microsoft.VisualStudio.TestTools.TestTypes.Unit.UnitTestAdapter, Microsoft.VisualStudio.QualityTools.Tips.UnitTest.Adapter, Version=15.0.0.0, Culture=neutral, PublicKeyToken=b03f5f7f11d50a3a" className="ProjectManagement.Test.ProjectControllerTest, ProjectManagement.Tests, Version=1.0.0.0, Culture=neutral, PublicKeyToken=null" name="TestInsertProject_NegativeProjectIdInUser" />
    </UnitTest>
    <UnitTest name="TestUpdateProject_NegativeProjectId" storage="c:\users\administrator\desktop\sba-exercise\server\projectmanagement\projectmanagement.tests\bin\debug\projectmanagement.tests.dll" id="0dcdf598-18b8-ab87-7c68-3d00a6cf1038">
      <TestMethod codeBase="C:/Users/Administrator/Desktop/sba-exercise/server/ProjectManagement/ProjectManagement.Tests/bin/Debug/ProjectManagement.Tests.DLL" adapterTypeName="Microsoft.VisualStudio.TestTools.TestTypes.Unit.UnitTestAdapter, Microsoft.VisualStudio.QualityTools.Tips.UnitTest.Adapter, Version=15.0.0.0, Culture=neutral, PublicKeyToken=b03f5f7f11d50a3a" className="ProjectManagement.Test.ProjectControllerTest, ProjectManagement.Tests, Version=1.0.0.0, Culture=neutral, PublicKeyToken=null" name="TestUpdateProject_NegativeProjectId" />
    </UnitTest>
    <UnitTest name="TestRetrieveTaskByProjectId_Success" storage="c:\users\administrator\desktop\sba-exercise\server\projectmanagement\projectmanagement.tests\bin\debug\projectmanagement.tests.dll" id="cf9673fb-8d68-7873-83c0-984d2fa20765">
      <TestMethod codeBase="C:/Users/Administrator/Desktop/sba-exercise/server/ProjectManagement/ProjectManagement.Tests/bin/Debug/ProjectManagement.Tests.DLL" adapterTypeName="Microsoft.VisualStudio.TestTools.TestTypes.Unit.UnitTestAdapter, Microsoft.VisualStudio.QualityTools.Tips.UnitTest.Adapter, Version=15.0.0.0, Culture=neutral, PublicKeyToken=b03f5f7f11d50a3a" className="ProjectManagement.Test.TaskControllerTest, ProjectManagement.Tests, Version=1.0.0.0, Culture=neutral, PublicKeyToken=null" name="TestRetrieveTaskByProjectId_Success" />
    </UnitTest>
    <UnitTest name="TestUpdateUser_UserNullException" storage="c:\users\administrator\desktop\sba-exercise\server\projectmanagement\projectmanagement.tests\bin\debug\projectmanagement.tests.dll" id="08107253-d031-acc9-bd55-3fa0a7bd206b">
      <TestMethod codeBase="C:/Users/Administrator/Desktop/sba-exercise/server/ProjectManagement/ProjectManagement.Tests/bin/Debug/ProjectManagement.Tests.DLL" adapterTypeName="Microsoft.VisualStudio.TestTools.TestTypes.Unit.UnitTestAdapter, Microsoft.VisualStudio.QualityTools.Tips.UnitTest.Adapter, Version=15.0.0.0, Culture=neutral, PublicKeyToken=b03f5f7f11d50a3a" className="ProjectManagement.Test.UserControllerTest, ProjectManagement.Tests, Version=1.0.0.0, Culture=neutral, PublicKeyToken=null" name="TestUpdateUser_UserNullException" />
    </UnitTest>
    <UnitTest name="TestDeleteUser_NegativeEmployeeId" storage="c:\users\administrator\desktop\sba-exercise\server\projectmanagement\projectmanagement.tests\bin\debug\projectmanagement.tests.dll" id="0f92d585-0efb-771d-c7cd-9ddb9841880a">
      <TestMethod codeBase="C:/Users/Administrator/Desktop/sba-exercise/server/ProjectManagement/ProjectManagement.Tests/bin/Debug/ProjectManagement.Tests.DLL" adapterTypeName="Microsoft.VisualStudio.TestTools.TestTypes.Unit.UnitTestAdapter, Microsoft.VisualStudio.QualityTools.Tips.UnitTest.Adapter, Version=15.0.0.0, Culture=neutral, PublicKeyToken=b03f5f7f11d50a3a" className="ProjectManagement.Test.UserControllerTest, ProjectManagement.Tests, Version=1.0.0.0, Culture=neutral, PublicKeyToken=null" name="TestDeleteUser_NegativeEmployeeId" />
    </UnitTest>
    <UnitTest name="TestDeleteProject_NoProjectAsParameter" storage="c:\users\administrator\desktop\sba-exercise\server\projectmanagement\projectmanagement.tests\bin\debug\projectmanagement.tests.dll" id="cbf91319-bac8-2248-a376-94bedb9bcf8e">
      <TestMethod codeBase="C:/Users/Administrator/Desktop/sba-exercise/server/ProjectManagement/ProjectManagement.Tests/bin/Debug/ProjectManagement.Tests.DLL" adapterTypeName="Microsoft.VisualStudio.TestTools.TestTypes.Unit.UnitTestAdapter, Microsoft.VisualStudio.QualityTools.Tips.UnitTest.Adapter, Version=15.0.0.0, Culture=neutral, PublicKeyToken=b03f5f7f11d50a3a" className="ProjectManagement.Test.ProjectControllerTest, ProjectManagement.Tests, Version=1.0.0.0, Culture=neutral, PublicKeyToken=null" name="TestDeleteProject_NoProjectAsParameter" />
    </UnitTest>
    <UnitTest name="TestDeleteTask_NegativeProjectId" storage="c:\users\administrator\desktop\sba-exercise\server\projectmanagement\projectmanagement.tests\bin\debug\projectmanagement.tests.dll" id="a91d0eac-8cbc-f081-52d3-03ec8a337e51">
      <TestMethod codeBase="C:/Users/Administrator/Desktop/sba-exercise/server/ProjectManagement/ProjectManagement.Tests/bin/Debug/ProjectManagement.Tests.DLL" adapterTypeName="Microsoft.VisualStudio.TestTools.TestTypes.Unit.UnitTestAdapter, Microsoft.VisualStudio.QualityTools.Tips.UnitTest.Adapter, Version=15.0.0.0, Culture=neutral, PublicKeyToken=b03f5f7f11d50a3a" className="ProjectManagement.Test.TaskControllerTest, ProjectManagement.Tests, Version=1.0.0.0, Culture=neutral, PublicKeyToken=null" name="TestDeleteTask_NegativeProjectId" />
    </UnitTest>
    <UnitTest name="TestInsertUser_InvalidEmployeeId" storage="c:\users\administrator\desktop\sba-exercise\server\projectmanagement\projectmanagement.tests\bin\debug\projectmanagement.tests.dll" id="c9a2bba9-1725-8089-a14e-0621e50a11eb">
      <TestMethod codeBase="C:/Users/Administrator/Desktop/sba-exercise/server/ProjectManagement/ProjectManagement.Tests/bin/Debug/ProjectManagement.Tests.DLL" adapterTypeName="Microsoft.VisualStudio.TestTools.TestTypes.Unit.UnitTestAdapter, Microsoft.VisualStudio.QualityTools.Tips.UnitTest.Adapter, Version=15.0.0.0, Culture=neutral, PublicKeyToken=b03f5f7f11d50a3a" className="ProjectManagement.Test.UserControllerTest, ProjectManagement.Tests, Version=1.0.0.0, Culture=neutral, PublicKeyToken=null" name="TestInsertUser_InvalidEmployeeId" />
    </UnitTest>
    <UnitTest name="TestUpdateUser_NegativeEmployeeId" storage="c:\users\administrator\desktop\sba-exercise\server\projectmanagement\projectmanagement.tests\bin\debug\projectmanagement.tests.dll" id="fa9eccc0-3a14-4cb8-78d1-5bc09de27b65">
      <TestMethod codeBase="C:/Users/Administrator/Desktop/sba-exercise/server/ProjectManagement/ProjectManagement.Tests/bin/Debug/ProjectManagement.Tests.DLL" adapterTypeName="Microsoft.VisualStudio.TestTools.TestTypes.Unit.UnitTestAdapter, Microsoft.VisualStudio.QualityTools.Tips.UnitTest.Adapter, Version=15.0.0.0, Culture=neutral, PublicKeyToken=b03f5f7f11d50a3a" className="ProjectManagement.Test.UserControllerTest, ProjectManagement.Tests, Version=1.0.0.0, Culture=neutral, PublicKeyToken=null" name="TestUpdateUser_NegativeEmployeeId" />
    </UnitTest>
    <UnitTest name="TestDeleteUser_UserNullException" storage="c:\users\administrator\desktop\sba-exercise\server\projectmanagement\projectmanagement.tests\bin\debug\projectmanagement.tests.dll" id="c57dbb3d-43fc-a239-5fcc-c04541c6b167">
      <TestMethod codeBase="C:/Users/Administrator/Desktop/sba-exercise/server/ProjectManagement/ProjectManagement.Tests/bin/Debug/ProjectManagement.Tests.DLL" adapterTypeName="Microsoft.VisualStudio.TestTools.TestTypes.Unit.UnitTestAdapter, Microsoft.VisualStudio.QualityTools.Tips.UnitTest.Adapter, Version=15.0.0.0, Culture=neutral, PublicKeyToken=b03f5f7f11d50a3a" className="ProjectManagement.Test.UserControllerTest, ProjectManagement.Tests, Version=1.0.0.0, Culture=neutral, PublicKeyToken=null" name="TestDeleteUser_UserNullException" />
    </UnitTest>
    <UnitTest name="TestDeleteProject_UserNullInProject" storage="c:\users\administrator\desktop\sba-exercise\server\projectmanagement\projectmanagement.tests\bin\debug\projectmanagement.tests.dll" id="39f39575-d1b0-8a0b-9934-d8b1945d07c0">
[...]
                  <CounterDescriptor machineName="DOTNET" categoryName="LoadTest:Test" counterName="Avg. Test Time" instanceName="TestDeleteProjects_Success(005)" baseInstanceName="TestDeleteProjects_Success" loadTestItemId="5" />
                </PlotDescriptor>
                <PlotDescriptor colorArgb="-16744320" lineStyle="0" fixedRange="1" rangeGroup="Avg. Test Time" showOnGraph="true" isSelected="false" counterMetadata="TestRetrieveTaskByProjectId_Success;Scenario1">
                  <CounterDescriptor machineName="DOTNET" categoryName="LoadTest:Test" counterName="Avg. Test Time" instanceName="TestRetrieveTaskByProjectId_Success(037)" baseInstanceName="TestRetrieveTaskByProjectId_Success" loadTestItemId="37" />
                </PlotDescriptor>
                <PlotDescriptor colorArgb="-7667712" lineStyle="0" fixedRange="1" rangeGroup="Avg. Test Time" showOnGraph="true" isSelected="false" counterMetadata="TestDeleteUser_InvalidProjectIdFormat;Scenario1">
                  <CounterDescriptor machineName="DOTNET" categoryName="LoadTest:Test" counterName="Avg. Test Time" instanceName="TestDeleteUser_InvalidProjectIdFormat(012)" baseInstanceName="TestDeleteUser_InvalidProjectIdFormat" loadTestItemId="12" />
                </PlotDescriptor>
                <PlotDescriptor colorArgb="-16751616" lineStyle="0" fixedRange="1" rangeGroup="Avg. Test Time" showOnGraph="true" isSelected="false" counterMetadata="TestUpdateUser_Success;Scenario1">
                  <CounterDescriptor machineName="DOTNET" categoryName="LoadTest:Test" counterName="Avg. Test Time" instanceName="TestUpdateUser_Success(054)" baseInstanceName="TestUpdateUser_Success" loadTestItemId="54" />
                </PlotDescriptor>
                <PlotDescriptor colorArgb="-16777077" lineStyle="0" fixedRange="1" rangeGroup="Avg. Test Time" showOnGraph="true" isSelected="false" counterMetadata="TestDeleteTask_NegativeTaskId;Scenario1">
                  <CounterDescriptor machineName="DOTNET" categoryName="LoadTest:Test" counterName="Avg. Test Time" instanceName="TestDeleteTask_NegativeTaskId(008)" baseInstanceName="TestDeleteTask_NegativeTaskId" loadTestItemId="8" />
                </PlotDescriptor>
                <PlotDescriptor colorArgb="-16741493" lineStyle="0" fixedRange="1" rangeGroup="Avg. Test Time" showOnGraph="true" isSelected="false" counterMetadata="TestUpdateProject_NegativeProjectIdInUser;Scenario1">
                  <CounterDescriptor machineName="DOTNET" categoryName="LoadTest:Test" counterName="Avg. Test Time" instanceName="TestUpdateProject_NegativeProjectIdInUser(041)" baseInstanceName="TestUpdateProject_NegativeProjectIdInUser" loadTestItemId="41" />
                </PlotDescriptor>
                <PlotDescriptor colorArgb="-5383962" lineStyle="0" fixedRange="1" rangeGroup="Avg. Test Time" showOnGraph="true" isSelected="false" counterMetadata="TestDeleteTask_NegativeTaskParentId;Scenario1">
                  <CounterDescriptor machineName="DOTNET" categoryName="LoadTest:Test" counterName="Avg. Test Time" instanceName="TestDeleteTask_NegativeTaskParentId(009)" baseInstanceName="TestDeleteTask_NegativeTaskParentId" loadTestItemId="9" />
                </PlotDescriptor>
                <PlotDescriptor colorArgb="-7278960" lineStyle="0" fixedRange="1" rangeGroup="Avg. Test Time" showOnGraph="true" isSelected="false" counterMetadata="TestInsertProject_NoProjectAsParameter;Scenario1">
                  <CounterDescriptor machineName="DOTNET" categoryName="LoadTest:Test" counterName="Avg. Test Time" instanceName="TestInsertProject_NoProjectAsParameter(022)" baseInstanceName="TestInsertProject_NoProjectAsParameter" loadTestItemId="22" />
                </PlotDescriptor>
                <PlotDescriptor colorArgb="-38476" lineStyle="0" fixedRange="1" rangeGroup="Avg. Test Time" showOnGraph="true" isSelected="false" counterMetadata="TestUpdateTask_NegativeProjectId;Scenario1">
                  <CounterDescriptor machineName="DOTNET" categoryName="LoadTest:Test" counterName="Avg. Test Time" instanceName="TestUpdateTask_NegativeProjectId(046)" baseInstanceName="TestUpdateTask_NegativeProjectId" loadTestItemId="46" />
                </PlotDescriptor>
                <PlotDescriptor colorArgb="-10496" lineStyle="0" fixedRange="1" rangeGroup="Avg. Test Time" showOnGraph="true" isSelected="false" counterMetadata="TestInsertTask_NegativeTaskParentId;Scenario1">
                  <CounterDescriptor machineName="DOTNET" categoryName="LoadTest:Test" counterName="Avg. Test Time" instanceName="TestInsertTask_NegativeTaskParentId(027)" baseInstanceName="TestInsertTask_NegativeTaskParentId" loadTestItemId="27" />
                </PlotDescriptor>
                <PlotDescriptor colorArgb="-16777216" lineStyle="0" fixedRange="1" rangeGroup="Avg. Test Time" showOnGraph="true" isSelected="false" counterMetadata="TestUpdateProject_CompletedTasksGreater;Scenario1">
                  <CounterDescriptor machineName="DOTNET" categoryName="LoadTest:Test" counterName="Avg. Test Time" instanceName="TestUpdateProject_CompletedTasksGreater(039)" baseInstanceName="TestUpdateProject_CompletedTasksGreater" loadTestItemId="39" />
                </PlotDescriptor>
                <PlotDescriptor colorArgb="-65536" lineStyle="0" fixedRange="1" rangeGroup="Avg. Test Time" showOnGraph="true" isSelected="false" counterMetadata="WebTest1;Scenario1">
                  <CounterDescriptor machineName="DOTNET" categoryName="LoadTest:Test" counterName="Avg. Test Time" instanceName="WebTest1(056)" baseInstanceName="WebTest1" loadTestItemId="56" />
                </PlotDescriptor>
                <PlotDescriptor colorArgb="-16744448" lineStyle="0" fixedRange="1" rangeGroup="Avg. Test Time" showOnGraph="true" isSelected="false" counterMetadata="TestRetrieveParentTasks_Success;Scenario1">
                  <CounterDescriptor machineName="DOTNET" categoryName="LoadTest:Test" counterName="Avg. Test Time" instanceName="TestRetrieveParentTasks_Success(035)" baseInstanceName="TestRetrieveParentTasks_Success" loadTestItemId="35" />
                </PlotDescriptor>
                <PlotDescriptor colorArgb="-16776961" lineStyle="0" fixedRange="1" rangeGroup="Avg. Test Time" showOnGraph="true" isSelected="false" counterMetadata="TestUpdateProject_UserNullInProject;Scenario1">
                  <CounterDescriptor machineName="DOTNET" categoryName="LoadTest:Test" counterName="Avg. Test Time" instanceName="TestUpdateProject_UserNullInProject(043)" baseInstanceName="TestUpdateProject_UserNullInProject" loadTestItemId="43" />
                </PlotDescriptor>
                <PlotDescriptor colorArgb="-8388480" lineStyle="0" fixedRange="1" rangeGroup="Avg. Test Time" showOnGraph="true" isSelected="false" counterMetadata="TestDeleteUser_NegativeEmployeeId;Scenario1">
                  <CounterDescriptor machineName="DOTNET" categoryName="LoadTest:Test" counterName="Avg. Test Time" instanceName="TestDeleteUser_NegativeEmployeeId(013)" baseInstanceName="TestDeleteUser_NegativeEmployeeId" loadTestItemId="13" />
                </PlotDescriptor>
                <PlotDescriptor colorArgb="-23296" lineStyle="0" fixedRange="1" rangeGroup="Avg. Test Time" showOnGraph="true" isSelected="false" counterMetadata="TestUpdateUser_InvalidEmployeeId;Scenario1">
                  <CounterDescriptor machineName="DOTNET" categoryName="LoadTest:Test" counterName="Avg. Test Time" instanceName="TestUpdateUser_InvalidEmployeeId(050)" baseInstanceName="TestUpdateUser_InvalidEmployeeId" loadTestItemId="50" />
                </PlotDescriptor>
              </PlotDescriptors>
            </GraphDescriptor>
            <GraphDescriptor graphName="Transaction Response Time">
              <HorizontalZoomRange lower="-1" upper="-1" />
              <VerticalZoomRange lower="0" upper="100" />
            </GraphDescriptor>
            <GraphDescriptor graphName="Page Response Time">
              <HorizontalZoomRange lower="-1" upper="-1" />
              <VerticalZoomRange lower="0" upper="100" />
            </GraphDescriptor>
          </GraphDescriptors>
        </LoadTestRunDescriptor>
      </AnalyzerViewState>
      <Summary>
        <PerformanceCounterResults>
          <PerformanceCounterResult isOverallResultCounter="true" higherIsBetter="true" machineName="DOTNET" categoryName="LoadTest:Scenario" counterName="User Load" instanceName="_Total" value="25" />
          <PerformanceCounterResult isOverallResultCounter="true" higherIsBetter="true" machineName="DOTNET" categoryName="LoadTest:Test" counterName="Total Tests" instanceName="_Total" value="334831" />
          <PerformanceCounterResult isOverallResultCounter="true" higherIsBetter="false" machineName="DOTNET" categoryName="LoadTest:Test" counterName="Failed Tests" instanceName="_Total" value="0" />
          <PerformanceCounterResult isOverallResultCounter="true" higherIsBetter="true" machineName="DOTNET" categoryName="LoadTest:Test" counterName="Tests/Sec" instanceName="_Total" value="1116.10339" />
          <PerformanceCounterResult isOverallResultCounter="true" higherIsBetter="false" machineName="DOTNET" categoryName="LoadTest:Test" counterName="Avg. Test Time" instanceName="_Total" value="0.0197242368" />
          <PerformanceCounterResult isOverallResultCounter="true" higherIsBetter="true" machineName="DOTNET" categoryName="LoadTest:Request" counterName="Total Requests" instanceName="_Total" value="0" />
          <PerformanceCounterResult isOverallResultCounter="true" higherIsBetter="false" machineName="DOTNET" categoryName="LoadTest:Request" counterName="Failed Requests" instanceName="_Total" value="0" />
          <PerformanceCounterResult isOverallResultCounter="true" higherIsBetter="true" machineName="DOTNET" categoryName="LoadTest:Request" counterName="Cached Requests" instanceName="_Total" value="0" />
          <PerformanceCounterResult isOverallResultCounter="true" higherIsBetter="true" machineName="DOTNET" categoryName="LoadTest:Request" counterName="Requests/Sec" instanceName="_Total" value="0" />
          <PerformanceCounterResult isOverallResultCounter="true" higherIsBetter="false" machineName="DOTNET" categoryName="LoadTest:Request" counterName="Avg. Response Time" instanceName="_Total" value="0" />
          <PerformanceCounterResult isOverallResultCounter="false" higherIsBetter="false" machineName="DOTNET" categoryName="Processor" counterName="% Processor Time" instanceName="_Total" value="90.60123" />
          <PerformanceCounterResult isOverallResultCounter="false" higherIsBetter="true" machineName="DOTNET" categoryName="Memory" counterName="Available MBytes" instanceName="-" value="8495" />
          <PerformanceCounterResult isOverallResultCounter="false" higherIsBetter="false" machineName="DOTNET" categoryName="Network Interface" counterName="Bytes Received/sec" instanceName="microsoft hyper-v network adapter" value="270964.344" />
          <PerformanceCounterResult isOverallResultCounter="false" higherIsBetter="false" machineName="DOTNET" categoryName="Network Interface" counterName="Bytes Received/sec" instanceName="isatap.iiht.tech" value="0" />
          <PerformanceCounterResult isOverallResultCounter="false" higherIsBetter="false" machineName="DOTNET" categoryName="Network Interface" counterName="Bytes Sent/sec" instanceName="microsoft hyper-v network adapter" value="267.6872" />
          <PerformanceCounterResult isOverallResultCounter="false" higherIsBetter="false" machineName="DOTNET" categoryName="Network Interface" counterName="Bytes Sent/sec" instanceName="isatap.iiht.tech" value="0" />
        </PerformanceCounterResults>
        <TestSummaries>
          <TestSummary scenarioName="Scenario1" testName="TestDeleteProject_NoProjectAsParameter" totalTests="6737" testsFailed="0" averageDuration="0" />
          <TestSummary scenarioName="Scenario1" testName="TestInsertTask_NullTaskObject" totalTests="6611" testsFailed="0" averageDuration="0" />
          <TestSummary scenarioName="Scenario1" testName="TestInsertProject_NegativeProjectId" totalTests="6683" testsFailed="0" averageDuration="0" />
          <TestSummary scenarioName="Scenario1" testName="TestInsertTask_NegativeProjectId" totalTests="6668" testsFailed="0" averageDuration="0" />
          <TestSummary scenarioName="Scenario1" testName="TestUpdateTask_NegativeTaskParentId" totalTests="3348" testsFailed="0" averageDuration="0" />
          <TestSummary scenarioName="Scenario1" testName="TestInsertTask_NegativeTaskId" totalTests="6595" testsFailed="0" averageDuration="0" />
          <TestSummary scenarioName="Scenario1" testName="TestUpdateUser_NegativeUserIdFormat" totalTests="3333" testsFailed="0" averageDuration="0" />
          <TestSummary scenarioName="Scenario1" testName="TestDeleteTask_NegativeProjectId" totalTests="6639" testsFailed="0" averageDuration="0" />
          <TestSummary scenarioName="Scenario1" testName="TestUpdateProject_NegativeProjectId" totalTests="6745" testsFailed="0" averageDuration="0" />
          <TestSummary scenarioName="Scenario1" testName="TestInsertProject_NegativeProjectIdInUser" totalTests="6726" testsFailed="0" averageDuration="0" />
          <TestSummary scenarioName="Scenario1" testName="TestUpdateTask_NullTaskObject" totalTests="3273" testsFailed="0" averageDuration="0" />
          <TestSummary scenarioName="Scenario1" testName="TestInsertProject_UserNullInProject" totalTests="6612" testsFailed="0" averageDuration="0" />
          <TestSummary scenarioName="Scenario1" testName="TestDeleteProject_UserNullInProject" totalTests="6709" testsFailed="0" averageDuration="0" />
          <TestSummary scenarioName="Scenario1" testName="TestDeleteUser_InvalidEmployeeId" totalTests="6593" testsFailed="0" averageDuration="0" />
          <TestSummary scenarioName="Scenario1" testName="TestDeleteProject_NegativeProjectId" totalTests="6760" testsFailed="0" averageDuration="0" />
          <TestSummary scenarioName="Scenario1" testName="TestDeleteUser_UserNullException" totalTests="6664" testsFailed="0" averageDuration="0" />
          <TestSummary scenarioName="Scenario1" testName="TestUpdateUser_InvalidProjectIdFormat" totalTests="3371" testsFailed="0" averageDuration="0" />
          <TestSummary scenarioName="Scenario1" testName="TestGetUser_Success" totalTests="6806" testsFailed="0" averageDuration="0" />
          <TestSummary scenarioName="Scenario1" testName="TestDeleteProject_NegativeProjectIdInUser" totalTests="6703" testsFailed="0" averageDuration="0" />
          <TestSummary scenarioName="Scenario1" testName="TestInsertUser_UserNullException" totalTests="6720" testsFailed="0" averageDuration="0" />
          <TestSummary scenarioName="Scenario1" testName="TestUpdateUser_NegativeEmployeeId" totalTests="3282" testsFailed="0" averageDuration="0" />
          <TestSummary scenarioName="Scenario1" testName="TestInsertUser_NegativeEmployeeId" totalTests="6682" testsFailed="0" averageDuration="0" />
          <TestSummary scenarioName="Scenario1" testName="TestRetrieveTaskByProjectId_NegativeTaskId" totalTests="6739" testsFailed="0" averageDuration="0" />
          <TestSummary scenarioName="Scenario1" testName="TestInsertUser_InvalidProjectIdFormat" totalTests="6822" testsFailed="0" averageDuration="0" />
          <TestSummary scenarioName="Scenario1" testName="TestUpdateProjects_Success" totalTests="6791" testsFailed="0" averageDuration="2" />
          <TestSummary scenarioName="Scenario1" testName="TestInsertProject_CompletedTasksGreater" totalTests="6784" testsFailed="0" averageDuration="0" />
          <TestSummary scenarioName="Scenario1" testName="TestUpdateUser_UserNullException" totalTests="3300" testsFailed="0" averageDuration="0" />
          <TestSummary scenarioName="Scenario1" testName="TestUpdateProject_NoProjectAsParameter" totalTests="6865" testsFailed="0" averageDuration="0" />
          <TestSummary scenarioName="Scenario1" testName="TestDeleteUser_NegativeUserIdFormat" totalTests="6861" testsFailed="0" averageDuration="0" />
          <TestSummary scenarioName="Scenario1" testName="TestDeleteTask_NullTaskObject" totalTests="6736" testsFailed="0" averageDuration="0" />
          <TestSummary scenarioName="Scenario1" testName="TestDeleteProject_CompletedTasksGreater" totalTests="6730" testsFailed="0" averageDuration="0" />
          <TestSummary scenarioName="Scenario1" testName="TestInsertUser_InvalidEmployeeId" totalTests="6601" testsFailed="0" averageDuration="0" />
          <TestSummary scenarioName="Scenario1" testName="TestRetrieveTasks_Success" totalTests="6623" testsFailed="0" averageDuration="7" />
          <TestSummary scenarioName="Scenario1" testName="TestDeleteUser_Success" totalTests="6790" testsFailed="0" averageDuration="1" />
          <TestSummary scenarioName="Scenario1" testName="TestDeleteProjects_Success" totalTests="13336" testsFailed="0" averageDuration="1" />
          <TestSummary scenarioName="Scenario1" testName="TestRetrieveTaskByProjectId_Success" totalTests="6534" testsFailed="0" averageDuration="8" />
          <TestSummary scenarioName="Scenario1" testName="TestDeleteUser_InvalidProjectIdFormat" totalTests="6539" testsFailed="0" averageDuration="0" />
          <TestSummary scenarioName="Scenario1" testName="TestUpdateUser_Success" totalTests="3379" testsFailed="0" averageDuration="1" />
          <TestSummary scenarioName="Scenario1" testName="TestDeleteTask_NegativeTaskId" totalTests="6751" testsFailed="0" averageDuration="0" />
          <TestSummary scenarioName="Scenario1" testName="TestUpdateProject_NegativeProjectIdInUser" totalTests="6728" testsFailed="0" averageDuration="0" />
          <TestSummary scenarioName="Scenario1" testName="TestDeleteTask_NegativeTaskParentId" totalTests="6778" testsFailed="0" averageDuration="0" />
          <TestSummary scenarioName="Scenario1" testName="TestInsertProject_NoProjectAsParameter" totalTests="6701" testsFailed="0" averageDuration="0" />
          <TestSummary scenarioName="Scenario1" testName="TestUpdateTask_NegativeProjectId" totalTests="3424" testsFailed="0" averageDuration="0" />
          <TestSummary scenarioName="Scenario1" testName="TestInsertTask_NegativeTaskParentId" totalTests="6602" testsFailed="0" averageDuration="0" />
          <TestSummary scenarioName="Scenario1" testName="TestUpdateProject_CompletedTasksGreater" totalTests="6680" testsFailed="0" averageDuration="0" />
          <TestSummary scenarioName="Scenario1" testName="WebTest1" totalTests="3333" testsFailed="0" averageDuration="0" />
          <TestSummary scenarioName="Scenario1" testName="TestRetrieveParentTasks_Success" totalTests="6611" testsFailed="0" averageDuration="0" />
          <TestSummary scenarioName="Scenario1" testName="TestUpdateProject_UserNullInProject" totalTests="3307" testsFailed="0" averageDuration="0" />
          <TestSummary scenarioName="Scenario1" testName="TestDeleteUser_NegativeEmployeeId" totalTests="6675" testsFailed="0" averageDuration="0" />
          <TestSummary scenarioName="Scenario1" testName="TestUpdateUser_InvalidEmployeeId" totalTests="3263" testsFailed="0" averageDuration="0" />
          <TestSummary scenarioName="Scenario1" testName="TestInsertUser_Success" totalTests="6734" testsFailed="0" averageDuration="133" />
          <TestSummary scenarioName="Scenario1" testName="TestInsertTasks_Success" totalTests="6729" testsFailed="0" averageDuration="131" />
          <TestSummary scenarioName="Scenario1" testName="TestInsertProjects_Success" totalTests="6819" testsFailed="0" averageDuration="139" />
          <TestSummary scenarioName="Scenario1" testName="TestUpdateTask_NegativeTaskId" totalTests="3354" testsFailed="0" averageDuration="0" />
          <TestSummary scenarioName="Scenario1" testName="TestGetProjects_Success" totalTests="6652" testsFailed="0" averageDuration="552" />
        </TestSummaries>
      </Summary>
    </LoadTestResult>
  </Results>
</TestRun>